<?xml version="1.0" encoding="UTF-8"?>
<robot generator="Robot 3.2.1 (Python 3.8.3 on win32)" generated="20200804 20:10:57.046" rpa="false">
<suite id="s1" name="Receber-Pedidos" source="G:\dev\projects\RobotFramework\RoboWeek2\ninjachef\web\tests\receber-pedidos.robot">
<test id="s1-t1" name="Receber Novo Pedido">
<kw name="Open Session" library="base" type="setup">
<kw name="Open Browser" library="SeleniumLibrary">
<doc>Opens a new browser instance to the given ``url``.</doc>
<arguments>
<arg>auto:blank</arg>
<arg>chrome</arg>
</arguments>
<msg timestamp="20200804 20:10:57.843" level="INFO">Opening browser 'chrome' to base url 'auto:blank'.</msg>
<status status="PASS" starttime="20200804 20:10:57.842" endtime="20200804 20:11:01.589"></status>
</kw>
<status status="PASS" starttime="20200804 20:10:57.841" endtime="20200804 20:11:01.590"></status>
</kw>
<kw name="Dado Que &quot;vitor.santos.calado@gmail.com&quot; é a minha conta de cozinheiro" library="kws">
<kw name="Set Test Variable" library="BuiltIn">
<doc>Makes a variable available everywhere within the scope of the current test.</doc>
<arguments>
<arg>${email_cozinheiro}</arg>
</arguments>
<msg timestamp="20200804 20:11:01.594" level="INFO">${email_cozinheiro} = vitor.santos.calado@gmail.com</msg>
<status status="PASS" starttime="20200804 20:11:01.593" endtime="20200804 20:11:01.594"></status>
</kw>
<kw name="Get Login Api" library="helpers">
<arguments>
<arg>${email_cozinheiro}</arg>
</arguments>
<assign>
<var>${token_cozinheiro}</var>
</assign>
<kw name="Create Dictionary" library="BuiltIn">
<doc>Creates and returns a dictionary based on the given ``items``.</doc>
<arguments>
<arg>Content-Type=application/json</arg>
</arguments>
<assign>
<var>&amp;{headers}</var>
</assign>
<msg timestamp="20200804 20:11:01.601" level="INFO">&amp;{headers} = { Content-Type=application/json }</msg>
<status status="PASS" starttime="20200804 20:11:01.598" endtime="20200804 20:11:01.602"></status>
</kw>
<kw name="Create Dictionary" library="BuiltIn">
<doc>Creates and returns a dictionary based on the given ``items``.</doc>
<arguments>
<arg>email=${email_param}</arg>
</arguments>
<assign>
<var>&amp;{payload}</var>
</assign>
<msg timestamp="20200804 20:11:01.604" level="INFO">&amp;{payload} = { email=vitor.santos.calado@gmail.com }</msg>
<status status="PASS" starttime="20200804 20:11:01.602" endtime="20200804 20:11:01.604"></status>
</kw>
<kw name="Create Session" library="RequestsLibrary">
<doc>Create Session: create a HTTP session to a server</doc>
<arguments>
<arg>api</arg>
<arg>${api_url}</arg>
</arguments>
<msg timestamp="20200804 20:11:01.606" level="INFO">Creating Session using : alias=api, url=http://ninjachef-api-qaninja-io.umbler.net, headers={},                     cookies={}, auth=None, timeout=None, proxies=None, verify=False,                     debug=0 </msg>
<status status="PASS" starttime="20200804 20:11:01.605" endtime="20200804 20:11:01.607"></status>
</kw>
<kw name="Post Request" library="RequestsLibrary">
<doc>Send a POST request on the session object found using the
given `alias`</doc>
<arguments>
<arg>api</arg>
<arg>/sessions</arg>
<arg>data=${payload}</arg>
<arg>headers=${headers}</arg>
</arguments>
<assign>
<var>${resp}</var>
</assign>
<msg timestamp="20200804 20:11:02.469" level="INFO">POST Request : url=http://ninjachef-api-qaninja-io.umbler.net/sessions 
 path_url=/sessions 
 headers={'User-Agent': 'python-requests/2.24.0', 'Accept-Encoding': 'gzip, deflate', 'Accept': '*/*', 'Connection': 'keep-alive', 'Content-Type': 'application/json', 'Content-Length': '42'} 
 body={"email": "vitor.santos.calado@gmail.com"} 
 </msg>
<msg timestamp="20200804 20:11:02.470" level="INFO">POST Response : url=http://ninjachef-api-qaninja-io.umbler.net/sessions 
 status=200, reason=OK 
 body={"_id":"5f208bef42f1f60016038e9f","email":"vitor.santos.calado@gmail.com","__v":0} 
 </msg>
<msg timestamp="20200804 20:11:02.470" level="INFO">${resp} = &lt;Response [200]&gt;</msg>
<status status="PASS" starttime="20200804 20:11:01.607" endtime="20200804 20:11:02.470"></status>
</kw>
<kw name="Status Should Be" library="RequestsLibrary">
<doc>Fails if response status code is different than the expected.</doc>
<arguments>
<arg>200</arg>
<arg>${resp}</arg>
</arguments>
<status status="PASS" starttime="20200804 20:11:02.471" endtime="20200804 20:11:02.472"></status>
</kw>
<kw name="Convert To String" library="BuiltIn">
<doc>Converts the given item to a Unicode string.</doc>
<arguments>
<arg>${resp.json()['_id']}</arg>
</arguments>
<assign>
<var>${token}</var>
</assign>
<msg timestamp="20200804 20:11:02.473" level="INFO">${token} = 5f208bef42f1f60016038e9f</msg>
<status status="PASS" starttime="20200804 20:11:02.472" endtime="20200804 20:11:02.473"></status>
</kw>
<msg timestamp="20200804 20:11:02.474" level="INFO">${token_cozinheiro} = 5f208bef42f1f60016038e9f</msg>
<status status="PASS" starttime="20200804 20:11:01.595" endtime="20200804 20:11:02.474"></status>
</kw>
<kw name="Set Test Variable" library="BuiltIn">
<doc>Makes a variable available everywhere within the scope of the current test.</doc>
<arguments>
<arg>${token_cozinheiro}</arg>
</arguments>
<msg timestamp="20200804 20:11:02.475" level="INFO">${token_cozinheiro} = 5f208bef42f1f60016038e9f</msg>
<status status="PASS" starttime="20200804 20:11:02.474" endtime="20200804 20:11:02.475"></status>
</kw>
<status status="PASS" starttime="20200804 20:11:01.592" endtime="20200804 20:11:02.475"></status>
</kw>
<kw name="E &quot;vitor.calado@outlook.com&quot; é o email do meu cliente" library="kws">
<kw name="Set Test Variable" library="BuiltIn">
<doc>Makes a variable available everywhere within the scope of the current test.</doc>
<arguments>
<arg>${email_cliente}</arg>
</arguments>
<msg timestamp="20200804 20:11:02.478" level="INFO">${email_cliente} = vitor.calado@outlook.com</msg>
<status status="PASS" starttime="20200804 20:11:02.477" endtime="20200804 20:11:02.478"></status>
</kw>
<kw name="Get Login Api" library="helpers">
<arguments>
<arg>${email_cliente}</arg>
</arguments>
<assign>
<var>${token_cliente}</var>
</assign>
<kw name="Create Dictionary" library="BuiltIn">
<doc>Creates and returns a dictionary based on the given ``items``.</doc>
<arguments>
<arg>Content-Type=application/json</arg>
</arguments>
<assign>
<var>&amp;{headers}</var>
</assign>
<msg timestamp="20200804 20:11:02.481" level="INFO">&amp;{headers} = { Content-Type=application/json }</msg>
<status status="PASS" starttime="20200804 20:11:02.479" endtime="20200804 20:11:02.481"></status>
</kw>
<kw name="Create Dictionary" library="BuiltIn">
<doc>Creates and returns a dictionary based on the given ``items``.</doc>
<arguments>
<arg>email=${email_param}</arg>
</arguments>
<assign>
<var>&amp;{payload}</var>
</assign>
<msg timestamp="20200804 20:11:02.482" level="INFO">&amp;{payload} = { email=vitor.calado@outlook.com }</msg>
<status status="PASS" starttime="20200804 20:11:02.481" endtime="20200804 20:11:02.482"></status>
</kw>
<kw name="Create Session" library="RequestsLibrary">
<doc>Create Session: create a HTTP session to a server</doc>
<arguments>
<arg>api</arg>
<arg>${api_url}</arg>
</arguments>
<msg timestamp="20200804 20:11:02.483" level="INFO">Creating Session using : alias=api, url=http://ninjachef-api-qaninja-io.umbler.net, headers={},                     cookies={}, auth=None, timeout=None, proxies=None, verify=False,                     debug=0 </msg>
<status status="PASS" starttime="20200804 20:11:02.483" endtime="20200804 20:11:02.484"></status>
</kw>
<kw name="Post Request" library="RequestsLibrary">
<doc>Send a POST request on the session object found using the
given `alias`</doc>
<arguments>
<arg>api</arg>
<arg>/sessions</arg>
<arg>data=${payload}</arg>
<arg>headers=${headers}</arg>
</arguments>
<assign>
<var>${resp}</var>
</assign>
<msg timestamp="20200804 20:11:02.666" level="INFO">POST Request : url=http://ninjachef-api-qaninja-io.umbler.net/sessions 
 path_url=/sessions 
 headers={'User-Agent': 'python-requests/2.24.0', 'Accept-Encoding': 'gzip, deflate', 'Accept': '*/*', 'Connection': 'keep-alive', 'Content-Type': 'application/json', 'Content-Length': '37'} 
 body={"email": "vitor.calado@outlook.com"} 
 </msg>
<msg timestamp="20200804 20:11:02.667" level="INFO">POST Response : url=http://ninjachef-api-qaninja-io.umbler.net/sessions 
 status=200, reason=OK 
 body={"_id":"5f21f788fbba920016c6b7f6","email":"vitor.calado@outlook.com","__v":0} 
 </msg>
<msg timestamp="20200804 20:11:02.667" level="INFO">${resp} = &lt;Response [200]&gt;</msg>
<status status="PASS" starttime="20200804 20:11:02.484" endtime="20200804 20:11:02.668"></status>
</kw>
<kw name="Status Should Be" library="RequestsLibrary">
<doc>Fails if response status code is different than the expected.</doc>
<arguments>
<arg>200</arg>
<arg>${resp}</arg>
</arguments>
<status status="PASS" starttime="20200804 20:11:02.668" endtime="20200804 20:11:02.669"></status>
</kw>
<kw name="Convert To String" library="BuiltIn">
<doc>Converts the given item to a Unicode string.</doc>
<arguments>
<arg>${resp.json()['_id']}</arg>
</arguments>
<assign>
<var>${token}</var>
</assign>
<msg timestamp="20200804 20:11:02.671" level="INFO">${token} = 5f21f788fbba920016c6b7f6</msg>
<status status="PASS" starttime="20200804 20:11:02.669" endtime="20200804 20:11:02.671"></status>
</kw>
<msg timestamp="20200804 20:11:02.672" level="INFO">${token_cliente} = 5f21f788fbba920016c6b7f6</msg>
<status status="PASS" starttime="20200804 20:11:02.478" endtime="20200804 20:11:02.672"></status>
</kw>
<kw name="Set Test Variable" library="BuiltIn">
<doc>Makes a variable available everywhere within the scope of the current test.</doc>
<arguments>
<arg>${token_cliente}</arg>
</arguments>
<msg timestamp="20200804 20:11:02.673" level="INFO">${token_cliente} = 5f21f788fbba920016c6b7f6</msg>
<status status="PASS" starttime="20200804 20:11:02.672" endtime="20200804 20:11:02.673"></status>
</kw>
<status status="PASS" starttime="20200804 20:11:02.476" endtime="20200804 20:11:02.673"></status>
</kw>
<kw name="E que &quot;Feijoada&quot; está cadastrado no meu dashboard" library="kws">
<kw name="Set Test Variable" library="BuiltIn">
<doc>Makes a variable available everywhere within the scope of the current test.</doc>
<arguments>
<arg>${produto}</arg>
</arguments>
<msg timestamp="20200804 20:11:02.675" level="INFO">${produto} = Feijoada</msg>
<status status="PASS" starttime="20200804 20:11:02.675" endtime="20200804 20:11:02.675"></status>
</kw>
<kw name="Create Dictionary" library="BuiltIn">
<doc>Creates and returns a dictionary based on the given ``items``.</doc>
<arguments>
<arg>name=${produto}</arg>
<arg>plate=Tipo</arg>
<arg>price=20.00</arg>
</arguments>
<assign>
<var>&amp;{payload}</var>
</assign>
<msg timestamp="20200804 20:11:02.676" level="INFO">&amp;{payload} = { name=Feijoada | plate=Tipo | price=20.00 }</msg>
<status status="PASS" starttime="20200804 20:11:02.676" endtime="20200804 20:11:02.676"></status>
</kw>
<kw name="Get Binary File" library="OperatingSystem">
<doc>Returns the contents of a specified file.</doc>
<arguments>
<arg>${EXECDIR}/resources/images/feijoada.jpg</arg>
</arguments>
<assign>
<var>${image_file}</var>
</assign>
<msg timestamp="20200804 20:11:02.677" level="INFO" html="yes">Getting file '&lt;a href="file://G:\dev\projects\RobotFramework\RoboWeek2\ninjachef\web\resources\images\feijoada.jpg"&gt;G:\dev\projects\RobotFramework\RoboWeek2\ninjachef\web\resources\images\feijoada.jpg&lt;/a&gt;'.</msg>
<msg timestamp="20200804 20:11:04.219" level="INFO">${image_file} = \xff\xd8\xff\xe0JFIF,,\xff\xe1\xa8ExifMM*\xe6\xec1\xfa2	;	*GFGI\x82\x98	:\x87...</msg>
<status status="PASS" starttime="20200804 20:11:02.677" endtime="20200804 20:11:04.219"></status>
</kw>
<kw name="Create Dictionary" library="BuiltIn">
<doc>Creates and returns a dictionary based on the given ``items``.</doc>
<arguments>
<arg>thumbnail=${image_file}</arg>
</arguments>
<assign>
<var>&amp;{files}</var>
</assign>
<msg timestamp="20200804 20:11:05.680" level="INFO">&amp;{files} = { thumbnail=\xff\xd8\xff\xe0JFIF,,\xff\xe1\xa8ExifMM*\xe6\xec1\xfa2	;	*GFGI\x82\x98...</msg>
<status status="PASS" starttime="20200804 20:11:04.220" endtime="20200804 20:11:05.681"></status>
</kw>
<kw name="Create Dictionary" library="BuiltIn">
<doc>Creates and returns a dictionary based on the given ``items``.</doc>
<arguments>
<arg>user_id=${token_cozinheiro}</arg>
</arguments>
<assign>
<var>&amp;{headers}</var>
</assign>
<msg timestamp="20200804 20:11:05.683" level="INFO">&amp;{headers} = { user_id=5f208bef42f1f60016038e9f }</msg>
<status status="PASS" starttime="20200804 20:11:05.682" endtime="20200804 20:11:05.683"></status>
</kw>
<kw name="Create Session" library="RequestsLibrary">
<doc>Create Session: create a HTTP session to a server</doc>
<arguments>
<arg>api</arg>
<arg>${api_url}</arg>
</arguments>
<msg timestamp="20200804 20:11:05.684" level="INFO">Creating Session using : alias=api, url=http://ninjachef-api-qaninja-io.umbler.net, headers={},                     cookies={}, auth=None, timeout=None, proxies=None, verify=False,                     debug=0 </msg>
<status status="PASS" starttime="20200804 20:11:05.684" endtime="20200804 20:11:05.685"></status>
</kw>
<kw name="Post Request" library="RequestsLibrary">
<doc>Send a POST request on the session object found using the
given `alias`</doc>
<arguments>
<arg>api</arg>
<arg>/products</arg>
<arg>files=${files}</arg>
<arg>data=${payload}</arg>
<arg>headers=${headers}</arg>
</arguments>
<assign>
<var>${resp}</var>
</assign>
<msg timestamp="20200804 20:11:06.448" level="INFO">POST Request : url=http://ninjachef-api-qaninja-io.umbler.net/products 
 path_url=/products 
 headers={'User-Agent': 'python-requests/2.24.0', 'Accept-Encoding': 'gzip, deflate', 'Accept': '*/*', 'Connection': 'keep-alive', 'user_id': '5f208bef42f1f60016038e9f', 'Content-Length': '2519207', 'Content-Type': 'multipart/form-data; boundary=3aba2709f6d696315ee9d5498f6a5582'} 
 body=b'--3aba2709f6d696315ee9d5498f6a5582\r\nContent-Disposition: form-data; name="name"\r\n\r\nFeijoada\r\n--3aba2709f6d696315ee9d5498f6a5582\r\nContent-Disposition: form-data; name="plate"\r\n\r\nTipo\r\n--3aba2709f6d696315ee9d5498f6a5582\r\nContent-Disposition: form-data; name="price"\r\n\r\n20.00\r\n--3aba2709f6d696315ee9d5498f6a5582\r\nContent-Disposition: form-data; name="thumbnail"; filename="thumbnail"\r\n\r\n\xff\xd8\xff\xe0\x00\x10JFIF\x00\x01\x01\x01\x01,\x01,\x00\x00\xff\xe1\x14\xa8Exif\x00\x00MM\x00*\x00\x00\x00\x08\x00\x11\x01\x0f\x00\x02\x00\x00\x00\x06\x00\x00\x08\xe6\x01\x10\x00\x02\x00\x00\x00\x0e\x00\x00\x08\xec\x01\x12\x00\x03\x00\x00\x00\x01\x00\x01\x00\x00\x011\x00\x02\x00\x00\x00\x1c\x00\x00\x08\xfa\x012\x00\x02\x00\x00\x00\x14\x00\x00\t\x16\x01;\x00\x02\x00\x00\x00\x10\x00\x00\t*\x02\x13\x00\x03\x00\x00\x00\x01\x00\x02\x00\x00GF\x00\x03\x00\x00\x00\x01\x00\x00\x00\x00GI\x00\x03\x00\x00\x00\x01\x00\x00\x00\x00\x82\x98\x00\x02\x00\x00\x00\x1a\x00\x00\t:\x87i\x00\x04\x00\x00\x00\x01\x00\x00\tT\x880\x00\x03\x00\x00\x00\x01\x00\x02\x00\x00\x882\x00\x04\x00\x00\x00\x01\x00\x00\x00d\x9c\x9d\x00\x01\x00\x00\x00 \x00\x00\x14T\xa41\x00\x02\x00\x00\x00\x0b\x00\x00\x14t\xa42\x00\x05\x00\x00\x00\x04\x00\x00\x14\x80\xea\x1c\x00\x07\x00\x00\x08\x0c\x00\x00\x00\xda\x00\x00\x00\x00\x1c\xea\x00\x00\x00\x08\x00\x00\x00\x00\x00\x00\x00\x00\x00\x00\x00\x00\x00\x00\x00\x00\x00\x00\x00\x00\x00\x00\x00\x00\x00\x00\x00\x00\x00\x00\x00\x00\x00\x00\x00\x00\x00\x00\x00\x00\x00\x00\x00\x00\x00\x00\x00\x00\x00\x00\x00\x00\x00\x00\x00\x00\x00\x00\x00\x00\x00\x00\x00\x00\x00\x00\x00\x00\x00\x00\x00\x00\x00\x00\x00\x00\x00\x00\x00\x00\x00\x00\x00\x00\x00\x00\x00\x00\x00\x00\x00\x00\x00\x00\x00\x00\x00\x00\x00\x00\x00\x00\x00\x00\x00\x00\x00\x00\x00\x00\x00\x00\x00\x00\x00\x00\x00\x00\x00\x00\x00\x00\x00\x00\x00\x00\x00\x00\x00\x00\x00\x00\x00\x00\x00\x00\x00\x00\x00\x00\x00\x00\x00\x00\x00\x00\x00\x00\x00\x00\x00\x00\x00\x00\x00\x00\x00\x00\x00\x00\x00\x00\x00\x00\x00\x00\x00\x00\x00\x00\x00\x00\x00\x00\x00\x00\x00\x00\x00\x00\x00\x00\x00\x00\x00\x00\x00\x00\x00\x00\x00\x00\x00\x00\x00\x00\x00\x00\x00\x00\x00\x00\x00\x00\x00\x00\x00\x00\x00\x00\x00\x00\x00\x00\x00\x00\x00\x00\x00\x00\x00\x00\x00\x00\x00\x00\x00\x00\x00\x00\x00\x00\x00\x00\x00\x00\x00\x00\x00\x00\x00\x00\x00\x00\x00\x00\x00\x00\x00\x00\x00\x00\x00\x00\x00\x00\x00\x00\x00\x00\x00\x00\x00\x00\x00\x00\x00\x00\x00\x00\x00\x00\x00\x00\x00\x00\x00\x00\x00\x00\x00\x00\x00\x00\x00\x00\x00\x00\x00\x00\x00\x00\x00\x00\x00\x00\x00\x00\x00\x00\x00\x00\x00\x00\x00\x00\x00\x00\x00\x00\x00\x00\x00\x00\x00\x00\x00\x00\x00\x00\x00\x00\x00\x00\x00\x00\x00\x00\x00\x00\x00\x00\x00\x00\x00\x00\x00\x00\x00\x00\x00\x00\x00\x00\x00\x00\x00\x00\x00\x00\x00\x00\x00\x00\x00\x00\x00\x00\x00\x00\x00\x00\x00\x00\x00\x00\x00\x00\x00\x00\x00\x00\x00\x00\x00\x00\x00\x00\x00\x00\x00\x00\x00\x00\x00\x00\x00\x00\x00\x00\x00\x00\x00\x00\x00\x00\x00\x00\x00\x00\x00\x00\x00\x00\x00\x00\x00\x00\x00\x00\x00\x00\x00\x00\x00\x00\x00\x00\x00\x00\x00\x00\x00\x00\x00\x00\x00\x00\x00\x00\x00\x00\x00\x00\x00\x00\x00\x00\x00\x00\x00\x00\x00\x00\x00\x00\x00\x00\x00\x00\x00\x00\x00\x00\x00\x00\x00\x00\x00\x00\x00\x00\x00\x00\x00\x00\x00\x00\x00\x00\x00\x00\x00\x00\x00\x00\x00\x00\x00\x00\x00\x00\x00\x00\x00\x00\x00\x00\x00\x00\x00\x00\x00\x00\x00\x00\x00\x00\x00\x00\x00\x00\x00\x00\x00\x00\x00\x00\x00\x00\x00\x00\x00\x00\x00\x00\x00\x00\x00\x00\x00\x00\x00\x00\x00\x00\x00\x00\x00\x00\x00\x00\x00\x00\x00\x00\x00\x00\x00\x00\x00\x00\x00\x00\x00\x00\x00\x00\x00\x00\x00\x00\x00\x00\x00\x00\x00\x00\x00\x00\x00\x00\x00\x00\x00\x00\x00\x00\x00\x00\x00\x00\x00\x00\x00\x00\x00\x00\x00\x00\x00\x00\x00\x00\x00\x00\x00\x00\x00\x00\x00\x00\x00\x00\x00\x00\x00\x00\x00\x00\x00\x00\x00\x00\x00\x00\x00\x00\x00\x00\x00\x00\x00\x00\x00\x00\x00\x00\x00\x00\x00\x00\x00\x00\x00\x00\x00\x00\x00\x00\x00\x00\x00\x00\x00\x00\x00\x00\x00\x00\x00\x00\x00\x00\x00\x00\x00\x00\x00\x00\x00\x00\x00\x00\x00\x00\x00\x00\x00\x00\x00\x00\x00\x00\x00\x00\x00\x00\x00\x00\x00\x00\x00\x00\x00\x00\x00\x00\x00\x00\x00\x00\x00\x00\x00\x00\x00\x00\x00\x00\x00\x00\x00\x00\x00\x00\x00\x00\x00\x00\x00\x00\x00\x00\x00\x00\x00\x00\x00\x00\x00\x00\x00\x00\x00\x00\x00\x00\x00\x00\x00\x00\x00\x00\x00\x00\x00\x00\x00\x00\x00\x00\x00\x00\x00\x00\x00\x00\x00\x00\x00\x00\x00\x00\x00\x00\x00\x00\x00\x00\x00\x00\x00\x00\x00\x00\x00\x00\x00\x00\x00\x00\x00\x00\x00\x00\x00\x00\x00\x00\x00\x00\x00\x00\x00\x00\x00\x00\x00\x00\x00\x00\x00\x00\x00\x00\x00\x00\x00\x00\x00\x00\x00\x00\x00\x00\x00\x00\x00\x00\x00\x00\x00\x00\x00\x00\x00\x00\x00\x00\x00\x00\x00\x00\x00\x00\x00\x00\x00\x00\x00\x00\x00\x00\x00\x00\x00\x00\x00\x00\x00\x00\x00\x00\x00\x00\x00\x00\x00\x00\x00\x00\x00\x00\x00\x00\x00\x00\x00\x00\x00\x00\x00\x00\x00\x00\x00\x00\x00\x00\x00\x00\x00\x00\x00\x00\x00\x00\x00\x00\x00\x00\x00\x00\x00\x00\x00\x00\x00\x00\x00\x00\x00\x00\x00\x00\x00\x00\x00\x00\x00\x00\x00\x00\x00\x00\x00\x00\x00\x00\x00\x00\x00\x00\x00\x00\x00\x00\x00\x00\x00\x00\x00\x00\x00\x00\x00\x00\x00\x00\x00\x00\x00\x00\x00\x00\x00\x00\x00\x00\x00\x00\x00\x00\x00\x00\x00\x00\x00\x00\x00\x00\x00\x00\x00\x00\x00\x00\x00\x00\x00\x00\x00\x00\x00\x00\x00\x00\x00\x00\x00\x00\x00\x00\x00\x00\x00\x00\x00\x00\x00\x00\x00\x00\x00\x00\x00\x00\x00\x00\x00\x00\x00\x00\x00\x00\x00\x00\x00\x00\x00\x00\x00\x00\x00\x00\x00\x00\x00\x00\x00\x00\x00\x00\x00\x00\x00\x00\x00\x00\x00\x00\x00\x00\x00\x00\x00\x00\x00\x00\x00\x00\x00\x00\x00\x00\x00\x00\x00\x00\x00\x00\x00\x00\x00\x00\x00\x00\x00\x00\x00\x00\x00\x00\x00\x00\x00\x00\x00\x00\x00\x00\x00\x00\x00\x00\x00\x00\x00\x00\x00\x00\x00\x00\x00\x00\x00\x00\x00\x00\x00\x00\x00\x00\x00\x00\x00\x00\x00\x00\x00\x00\x00\x00\x00\x00\x00\x00\x00\x00\x00\x00\x00\x00\x00\x00\x00\x00\x00\x00\x00\x00\x00\x00\x00\x00\x00\x00\x00\x00\x00\x00\x00\x00\x00\x00\x00\x00\x00\x00\x00\x00\x00\x00\x00\x00\x00\x00\x00\x00\x00\x00\x00\x00\x00\x00\x00\x00\x00\x00\x00\x00\x00\x00\x00\x00\x00\x00\x00\x00\x00\x00\x00\x00\x00\x00\x00\x00\x00\x00\x00\x00\x00\x00\x00\x00\x00\x00\x00\x00\x00\x00\x00\x00\x00\x00\x00\x00\x00\x00\x00\x00\x00\x00\x00\x00\x00\x00\x00\x00\x00\x00\x00\x00\x00\x00\x00\x00\x00\x00\x00\x00\x00\x00\x00\x00\x00\x00\x00\x00\x00\x00\x00\x00\x00\x00\x00\x00\x00\x00\x00\x00\x00\x00\x00\x00\x00\x00\x00\x00\x00\x00\x00\x00\x00\x00\x00\x00\x00\x00\x00\x00\x00\x00\x00\x00\x00\x00\x00\x00\x00\x00\x00\x00\x00\x00\x00\x00\x00\x00\x00\x00\x00\x00\x00\x00\x00\x00\x00\x00\x00\x00\x00\x00\x00\x00\x00\x00\x00\x00\x00\x00\x00\x00\x00\x00\x00\x00\x00\x00\x00\x00\x00\x00\x00\x00\x00\x00\x00\x00\x00\x00\x00\x00\x00\x00\x00\x00\x00\x00\x00\x00\x00\x00\x00\x00\x00\x00\x00\x00\x00\x00\x00\x00\x00\x00\x00\x00\x00\x00\x00\x00\x00\x00\x00\x00\x00\x00\x00\x00\x00\x00\x00\x00\x00\x00\x00\x00\x00\x00\x00\x00\x00\x00\x00\x00\x00\x00\x00\x00\x00\x00\x00\x00\x00\x00\x00\x00\x00\x00\x00\x00\x00\x00\x00\x00\x00\x00\x00\x00\x00\x00\x00\x00\x00\x00\x00\x00\x00\x00\x00\x00\x00\x00\x00\x00\x00\x00\x00\x00\x00\x00\x00\x00\x00\x00\x00\x00\x00\x00\x00\x00\x00\x00\x00\x00\x00\x00\x00\x00\x00\x00\x00\x00\x00\x00\x00\x00\x00\x00\x00\x00\x00\x00\x00\x00\x00\x00\x00\x00\x00\x00\x00\x00\x00\x00\x00\x00\x00\x00\x00\x00\x00\x00\x00\x00\x00\x00\x00\x00\x00\x00\x00\x00\x00\x00\x00\x00\x00\x00\x00\x00\x00\x00\x00\x00\x00\x00\x00\x00\x00\x00\x00\x00\x00\x00\x00\x00\x00\x00\x00\x00\x00\x00\x00\x00\x00\x00\x00\x00\x00\x00\x00\x00\x00\x00\x00\x00\x00\x00\x00\x00\x00\x00\x00\x00\x00\x00\x00\x00\x00\x00\x00\x00\x00\x00\x00\x00\x00\x00\x00\x00\x00\x00\x00\x00\x00\x00\x00\x00\x00\x00\x00\x00\x00\x00\x00\x00\x00\x00\x00\x00\x00\x00\x00\x00\x00\x00\x00\x00\x00\x00\x00\x00\x00\x00\x00\x00\x00\x00\x00\x00\x00\x00\x00\x00\x00\x00\x00\x00\x00\x00\x00\x00\x00\x00\x00\x00\x00\x00\x00\x00\x00\x00\x00\x00\x00\x00\x00\x00\x00\x00\x00\x00\x00\x00\x00\x00\x00\x00\x00\x00\x00\x00\x00\x00\x00\x00\x00\x00\x00\x00\x00\x00\x00\x00\x00\x00\x00\x00\x00\x00\x00\x00\x00\x00\x00\x00\x00\x00\x00\x00\x00\x00\x00\x00\x00\x00\x00\x00\x00\x00\x00\x00\x00\x00\x00\x00\x00\x00\x00\x00\x00\x00\x00\x00\x00\x00\x00\x00\x00\x00\x00\x00\x00\x00\x00\x00\x00\x00\x00\x00\x00\x00\x00\x00\x00\x00\x00\x00\x00\x00\x00\x00\x00\x00\x00\x00\x00\x00\x00\x00\x00\x00\x00\x00\x00\x00\x00\x00\x00\x00\x00\x00\x00\x00\x00\x00\x00\x00\x00\x00\x00\x00\x00\x00\x00\x00\x00\x00\x00\x00\x00\x00\x00\x00\x00\x00\x00\x00\x00\x00\x00\x00\x00\x00\x00\x00\x00\x00\x00\x00\x00\x00\x00\x00\x00\x00\x00\x00\x00\x00\x00\x00\x00\x00\x00\x00\x00\x00\x00\x00\x00\x00\x00\x00\x00\x00\x00\x00\x00\x00\x00\x00\x00\x00\x00\x00\x00\x00\x00\x00\x00\x00\x00\x00\x00\x00\x00\x00\x00\x00\x00\x00\x00\x00\x00\x00\x00\x00\x00\x00\x00\x00\x00\x00\x00\x00\x00\x00\x00\x00\x00\x00\x00\x00\x00\x00\x00\x00\x00\x00\x00\x00\x00\x00\x00\x00\x00\x00\x00\x00\x00\x00\x00\x00\x00\x00\x00\x00\x00\x00\x00\x00\x00\x00\x00\x00\x00\x00\x00\x00\x00\x00\x00\x00\x00\x00\x00\x00\x00\x00\x00\x00\x00\x00\x00\x00\x00\x00\x00\x00\x00\x00\x00\x00\x00\x00\x00\x00\x00\x00\x00\x00\x00\x00\x00\x00\x00\x00\x00\x00\x00\x00\x00\x00\x00\x00\x00\x00\x00\x00\x00\x00\x00\x00\x00\x00\x00\x00\x00\x00\x00\x00\x00\x00\x00\x00\x00\x00\x00\x00\x00\x00\x00\x00\x00\x00\x00\x00\x00\x00\x00\x00\x00\x00\x00\x00\x00\x00\x00\x00\x00\x00\x00\x00\x00\x00\x00\x00\x00\x00\x00\x00\x00\x00\x00\x00\x00\x00\x00\x00\x00\x00\x00\x00\x00\x00\x00\x00\x00\x00\x00\x00\x00\x00\x00\x00\x00\x00\x00\x00\x00\x00\x00\x00\x00\x00\x00\x00\x00\x00\x00\x00\x00\x00\x00\x00\x00\x00\x00\x00\x00\x00\x00\x00\x00\x00\x00\x00\x00\x00\x00\x00\x00\x00\x00\x00\x00\x00\x00\x00\x00\x00\x00\x00\x00\x00\x00\x00\x00\x00\x00\x00\x00\x00\x00\x00\x00\x00\x00\x00\x00\x00Canon\x00Canon EOS 60D\x00Adobe Photoshop CS3 Windows\x002013:05:24 02:02:29\x00Guilherme Alves\x00http://guilhermealves.com\x00\x00\x1e\x82\x9a\x00\x05\x00\x00\x00\x01\x00\x00\x12\xce\x82\x9d\x00\x05\x00\x00\x00\x01\x00\x00\x12\xd6\x88"\x00\x03\x00\x00\x00\x01\x00\x01\x00\x00\x88\'\x00\x03\x00\x00\x00\x01\x00d\x00\x00\x90\x00\x00\x07\x00\x00\x00\x040230\x90\x03\x00\x02\x00\x00\x00\x14\x00\x00\x12\xde\x90\x04\x00\x02\x00\x00\x00\x14\x00\x00\x12\xf2\x91\x01\x00\x07\x00\x00\x00\x04\x01\x02\x03\x00\x92\x01\x00\x05\x00\x00\x00\x01\x00\x00\x13\x06\x92\x02\x00\x05\x00\x00\x00\x01\x00\x00\x13\x0e\x92\x04\x00\x05\x00\x00\x00\x01\x00\x00\x13\x16\x92\x07\x00\x03\x00\x00\x00\x01\x00\x05\x00\x00\x92\t\x00\x03\x00\x00\x00\x01\x00\x10\x00\x00\x92\n\x00\x05\x00\x00\x00\x01\x00\x00\x13\x1e\x92\x86\x00\x07\x00\x00\x01\x08\x00\x00\x13&amp;\x92\x90\x00\x02\x00\x00\x00\x0336\x00\x00\x92\x91\x00\x02\x00\x00\x00\x0336\x00\x00\x92\x92\x00\x02\x00\x00\x00\x0336\x00\x00\xa0\x00\x00\x07\x00\x00\x00\x040100\xa0\x02\x00\x04\x00\x00\x00\x01\x00\x00\x14@\xa0\x03\x00\x04\x00\x00\x00\x01\x00\x00\r\x80\xa0\x05\x00\x04\x00\x00\x00\x01\x00\x00\x14.\xa2\x0e\x00\x05\x00\x00\x00\x01\x00\x00\x14B\xa2\x0f\x00\x05\x00\x00\x00\x01\x00\x00\x14J\xa2\x10\x00\x03\x00\x00\x00\x01\x00\x02\x00\x00\xa4\x01\x00\x03\x00\x00\x00\x01\x00\x00\x00\x00\xa4\x02\x00\x03\x00\x00\x00\x01\x00\x01\x00\x00\xa4\x03\x00\x03\x00\x00\x00\x01\x00\x01\x00\x00\xa4\x06\x00\x03\x00\x00\x00\x01\x00\x00\x00\x00\xea\x1c\x00\x07\x00\x00\x08\x0c\x00\x00\n\xc2\x00\x00\x00\x00\x1c\xea\x00\x00\x00\x08\x00\x00\x00\x00\x00\x00\x00\x00\x00\x00\x00\x00\x00\x00\x00\x00\x00\x00\x00\x00\x00\x00\x00\x00\x00\x00\x00\x00\x00\x00\x00\x00\x00\x00\x00\x00\x00\x00\x00\x00\x00\x00\x00\x00\x00\x00\x00\x00\x00\x00\x00\x00\x00\x00\x00\x00\x00\x00\x00\x00\x00\x00\x00\x00\x00\x00\x00\x00\x00\x00\x00\x00\x00\x00\x00\x00\x00\x00\x00\x00\x00\x00\x00\x00\x00\x00\x00\x00\x00\x00\x00\x00\x00\x00\x00\x00\x00\x00\x00\x00\x00\x00\x00\x00\x00\x00\x00\x00\x00\x00\x00\x00\x00\x00\x00\x00\x00\x00\x00\x00\x00\x00\x00\x00\x00\x00\x00\x00\x00\x00\x00\x00\x00\x00\x00\x00\x00\x00\x00\x00\x00\x00\x00\x00\x00\x00\x00\x00\x00\x00\x00\x00\x00\x00\x00\x00\x00\x00\x00\x00\x00\x00\x00\x00\x00\x00\x00\x00\x00\x00\x00\x00\x00\x00\x00\x00\x00\x00\x00\x00\x00\x00\x00\x00\x00\x00\x00\x00\x00\x00\x00\x00\x00\x00\x00\x00\x00\x00\x00\x00\x00\x00\x00\x00\x00\x00\x00\x00\x00\x00\x00\x00\x00\x00\x00\x00\x00\x00\x00\x00\x00\x00\x00\x00\x00\x00\x00\x00\x00\x00\x00\x00\x00\x00\x00\x00\x00\x00\x00\x00\x00\x00\x00\x00\x00\x00\x00\x00\x00\x00\x00\x00\x00\x00\x00\x00\x00\x00\x00\x00\x00\x00\x00\x00\x00\x00\x00\x00\x00\x00\x00\x00\x00\x00\x00\x00\x00\x00\x00\x00\x00\x00\x00\x00\x00\x00\x00\x00\x00\x00\x00\x00\x00\x00\x00\x00\x00\x00\x00\x00\x00\x00\x00\x00\x00\x00\x00\x00\x00\x00\x00\x00\x00\x00\x00\x00\x00\x00\x00\x00\x00\x00\x00\x00\x00\x00\x00\x00\x00\x00\x00\x00\x00\x00\x00\x00\x00\x00\x00\x00\x00\x00\x00\x00\x00\x00\x00\x00\x00\x00\x00\x00\x00\x00\x00\x00\x00\x00\x00\x00\x00\x00\x00\x00\x00\x00\x00\x00\x00\x00\x00\x00\x00\x00\x00\x00\x00\x00\x00\x00\x00\x00\x00\x00\x00\x00\x00\x00\x00\x00\x00\x00\x00\x00\x00\x00\x00\x00\x00\x00\x00\x00\x00\x00\x00\x00\x00\x00\x00\x00\x00\x00\x00\x00\x00\x00\x00\x00\x00\x00\x00\x00\x00\x00\x00\x00\x00\x00\x00\x00\x00\x00\x00\x00\x00\x00\x00\x00\x00\x00\x00\x00\x00\x00\x00\x00\x00\x00\x00\x00\x00\x00\x00\x00\x00\x00\x00\x00\x00\x00\x00\x00\x00\x00\x00\x00\x00\x00\x00\x00\x00\x00\x00\x00\x00\x00\x00\x00\x00\x00\x00\x00\x00\x00\x00\x00\x00\x00\x00\x00\x00\x00\x00\x00\x00\x00\x00\x00\x00\x00\x00\x00\x00\x00\x00\x00\x00\x00\x00\x00\x00\x00\x00\x00\x00\x00\x00\x00\x00\x00\x00\x00\x00\x00\x00\x00\x00\x00\x00\x00\x00\x00\x00\x00\x00\x00\x00\x00\x00\x00\x00\x00\x00\x00\x00\x00\x00\x00\x00\x00\x00\x00\x00\x00\x00\x00\x00\x00\x00\x00\x00\x00\x00\x00\x00\x00\x00\x00\x00\x00\x00\x00\x00\x00\x00\x00\x00\x00\x00\x00\x00\x00\x00\x00\x00\x00\x00\x00\x00\x00\x00\x00\x00\x00\x00\x00\x00\x00\x00\x00\x00\x00\x00\x00\x00\x00\x00\x00\x00\x00\x00\x00\x00\x00\x00\x00\x00\x00\x00\x00\x00\x00\x00\x00\x00\x00\x00\x00\x00\x00\x00\x00\x00\x00\x00\x00\x00\x00\x00\x00\x00\x00\x00\x00\x00\x00\x00\x00\x00\x00\x00\x00\x00\x00\x00\x00\x00\x00\x00\x00\x00\x00\x00\x00\x00\x00\x00\x00\x00\x00\x00\x00\x00\x00\x00\x00\x00\x00\x00\x00\x00\x00\x00\x00\x00\x00\x00\x00\x00\x00\x00\x00\x00\x00\x00\x00\x00\x00\x00\x00\x00\x00\x00\x00\x00\x00\x00\x00\x00\x00\x00\x00\x00\x00\x00\x00\x00\x00\x00\x00\x00\x00\x00\x00\x00\x00\x00\x00\x00\x00\x00\x00\x00\x00\x00\x00\x00\x00\x00\x00\x00\x00\x00\x00\x00\x00\x00\x00\x00\x00\x00\x00\x00\x00\x00\x00\x00\x00\x00\x00\x00\x00\x00\x00\x00\x00\x00\x00\x00\x00\x00\x00\x00\x00\x00\x00\x00\x00\x00\x00\x00\x00\x00\x00\x00\x00\x00\x00\x00\x00\x00\x00\x00\x00\x00\x00\x00\x00\x00\x00\x00\x00\x00\x00\x00\x00\x00\x00\x00\x00\x00\x00\x00\x00\x00\x00\x00\x00\x00\x00\x00\x00\x00\x00\x00\x00\x00\x00\x00\x00\x00\x00\x00\x00\x00\x00\x00\x00\x00\x00\x00\x00\x00\x00\x00\x00\x00\x00\x00\x00\x00\x00\x00\x00\x00\x00\x00\x00\x00\x00\x00\x00\x00\x00\x00\x00\x00\x00\x00\x00\x00\x00\x00\x00\x00\x00\x00\x00\x00\x00\x00\x00\x00\x00\x00\x00\x00\x00\x00\x00\x00\x00\x00\x00\x00\x00\x00\x00\x00\x00\x00\x00\x00\x00\x00\x00\x00\x00\x00\x00\x00\x00\x00\x00\x00\x00\x00\x00\x00\x00\x00\x00\x00\x00\x00\x00\x00\x00\x00\x00\x00\x00\x00\x00\x00\x00\x00\x00\x00\x00\x00\x00\x00\x00\x00\x00\x00\x00\x00\x00\x00\x00\x00\x00\x00\x00\x00\x00\x00\x00\x00\x00\x00\x00\x00\x00\x00\x00\x00\x00\x00\x00\x00\x00\x00\x00\x00\x00\x00\x00\x00\x00\x00\x00\x00\x00\x00\x00\x00\x00\x00\x00\x00\x00\x00\x00\x00\x00\x00\x00\x00\x00\x00\x00\x00\x00\x00\x00\x00\x00\x00\x00\x00\x00\x00\x00\x00\x00\x00\x00\x00\x00\x00\x00\x00\x00\x00\x00\x00\x00\x00\x00\x00\x00\x00\x00\x00\x00\x00\x00\x00\x00\x00\x00\x00\x00\x00\x00\x00\x00\x00\x00\x00\x00\x00\x00\x00\x00\x00\x00\x00\x00\x00\x00\x00\x00\x00\x00\x00\x00\x00\x00\x00\x00\x00\x00\x00\x00\x00\x00\x00\x00\x00\x00\x00\x00\x00\x00\x00\x00\x00\x00\x00\x00\x00\x00\x00\x00\x00\x00\x00\x00\x00\x00\x00\x00\x00\x00\x00\x00\x00\x00\x00\x00\x00\x00\x00\x00\x00\x00\x00\x00\x00\x00\x00\x00\x00\x00\x00\x00\x00\x00\x00\x00\x00\x00\x00\x00\x00\x00\x00\x00\x00\x00\x00\x00\x00\x00\x00\x00\x00\x00\x00\x00\x00\x00\x00\x00\x00\x00\x00\x00\x00\x00\x00\x00\x00\x00\x00\x00\x00\x00\x00\x00\x00\x00\x00\x00\x00\x00\x00\x00\x00\x00\x00\x00\x00\x00\x00\x00\x00\x00\x00\x00\x00\x00\x00\x00\x00\x00\x00\x00\x00\x00\x00\x00\x00\x00\x00\x00\x00\x00\x00\x00\x00\x00\x00\x00\x00\x00\x00\x00\x00\x00\x00\x00\x00\x00\x00\x00\x00\x00\x00\x00\x00\x00\x00\x00\x00\x00\x00\x00\x00\x00\x00\x00\x00\x00\x00\x00\x00\x00\x00\x00\x00\x00\x00\x00\x00\x00\x00\x00\x00\x00\x00\x00\x00\x00\x00\x00\x00\x00\x00\x00\x00\x00\x00\x00\x00\x00\x00\x00\x00\x00\x00\x00\x00\x00\x00\x00\x00\x00\x00\x00\x00\x00\x00\x00\x00\x00\x00\x00\x00\x00\x00\x00\x00\x00\x00\x00\x00\x00\x00\x00\x00\x00\x00\x00\x00\x00\x00\x00\x00\x00\x00\x00\x00\x00\x00\x00\x00\x00\x00\x00\x00\x00\x00\x00\x00\x00\x00\x00\x00\x00\x00\x00\x00\x00\x00\x00\x00\x00\x00\x00\x00\x00\x00\x00\x00\x00\x00\x00\x00\x00\x00\x00\x00\x00\x00\x00\x00\x00\x00\x00\x00\x00\x00\x00\x00\x00\x00\x00\x00\x00\x00\x00\x00\x00\x00\x00\x00\x00\x00\x00\x00\x00\x00\x00\x00\x00\x00\x00\x00\x00\x00\x00\x00\x00\x00\x00\x00\x00\x00\x00\x00\x00\x00\x00\x00\x00\x00\x00\x00\x00\x00\x00\x00\x00\x00\x00\x00\x00\x00\x00\x00\x00\x00\x00\x00\x00\x00\x00\x00\x00\x00\x00\x00\x00\x00\x00\x00\x00\x00\x00\x00\x00\x00\x00\x00\x00\x00\x00\x00\x00\x00\x00\x00\x00\x00\x00\x00\x00\x00\x00\x00\x00\x00\x00\x00\x00\x00\x00\x00\x00\x00\x00\x00\x00\x00\x00\x00\x00\x00\x00\x00\x00\x00\x00\x00\x00\x00\x00\x00\x00\x00\x00\x00\x00\x00\x00\x00\x00\x00\x00\x00\x00\x00\x00\x00\x00\x00\x00\x00\x00\x00\x00\x00\x00\x00\x00\x00\x00\x00\x00\x00\x00\x00\x00\x00\x00\x00\x00\x00\x00\x00\x00\x00\x00\x00\x00\x00\x00\x00\x00\x00\x00\x00\x00\x00\x00\x00\x00\x00\x00\x00\x00\x00\x00\x00\x00\x00\x00\x00\x00\x00\x00\x00\x00\x00\x00\x00\x00\x00\x00\x00\x00\x00\x00\x00\x00\x00\x00\x00\x00\x00\x00\x00\x00\x00\x00\x00\x00\x00\x00\x00\x00\x00\x00\x00\x00\x00\x00\x00\x00\x00\x00\x00\x00\x00\x00\x00\x00\x00\x00\x00\x00\x00\x00\x00\x00\x00\x00\x00\x00\x00\x00\x00\x00\x00\x00\x00\x00\x00\x00\x00\x00\x00\x00\x00\x00\x00\x00\x00\x00\x00\x00\x00\x00\x00\x00\x00\x00\x00\x00\x00\x00\x00\x00\x00\x00\x00\x00\x00\x00\x00\x00\x00\x00\x00\x00\x00\x00\x00\x00\x00\x00\x00\x00\x00\x00\x00\x00\x00\x00\x00\x00\x00\x00\x00\x00\x00\x00\x00\x00\x00\x00\x00\x00\x00\x00\x00\x00\x00\x00\x00\x00\x00\x00\x00\x00\x00\x00\x00\x00\x00\x00\x00\x00\x00\x00\x00\x00\x00\x00\x00\x00\x00\x00\x00\x00\x00\x00\x00\x00\x00\x00\x00\x00\x00\x00\x00\x00\x00\x00\x00\x00\x00\x00\x00\x00\x00\x00\x00\x00\x00\x00\x00\x00\x00\x00\x00\x00\x00\x00\x00\x00\x00\x00\x00\x00\x00\x00\x00\x00\x00\x00\x00\x00\x00\x00\x00\x00\x00\x00\x00\x00\x00\x00\x00\x00\x00\x00\x00\x00\x00\x00\x00\x00\x00\x00\x00\x00\x00\x00\x00\x00\x00\x00\x00\x00\x00\x00\x00\x00\x00\x00\x00\x00\x00\x00\x00\x00\x00\x00\x00\x00\x00\x00\x00\x00\x00\x00\x00\x00\x00\x00\x00\x00\x00\x00\x00\x00\x00\x00\x00\x00\x00\x00\x00\x00\x00\x00\x00\x00\x00\x00\x00\x00\x00\x00\x00\x00\x00\x00\x00\x00\x00\x00\x00\x00\x00\x00\x00\x00\x00\x00\x00\x00\x00\x00\x00\x00\x00\x00\x00\x00\x00\x00\x00\x00\x00\x00\x00\x00\x00\x00\x00\x00\x00\x00\x00\x00\x00\x00\x00\x00\x00\x00\x00\x00\x00\x00\x00\x00\x00\x00\x00\x00\x00\x00\x00\x00\x00\x00\x00\x00\x00\x00\x00\x00\x00\x00\x00\x00\x00\x00\x00\x00\x00\x00\x00\x00\x00\x00\x00\x00\x00\x00\x00\x00\x00\x00\x00\x00\x00\x00\x00\x00\x00\x00\x00\x00\x00\x00\x00\x00\x00\x00\x00\x00\x00\x00\x00\x00\x00\x00\x00\x00\x00\x00\x00\x00\x00\x00\x00\x00\x00\x00\x00\x00\x00\x00\x00\x00\x00\x00\x00\x00\x00\x00\x00\x00\x00\x00\x00\x00\x00\x00\x00\x00\x00\x00\x00\x00\x00\x00\x00\x00\x00\x00\x00\x00\x00\x00\x00\x00\x00\x00\x00\x00\x00\x00\x00\x00\x00\x00\x00\x00\x00\x00\x00\x00\x00\x00\x00\x00\x00\x01\x00\x00\x00\xa0\x00\x00\x00\x0e\x00\x00\x00\x012013:05:23 17:03:53\x002013:05:23 17:03:53\x00\x00\x07`\x00\x00\x01\x00\x00\x00\x07\xa0\x00\x00\x01\x00\x00\x00\x00\x00\x00\x00\x00\x00\x01\x00\x00\x00&lt;\x00\x00\x00\x01\x00\x00\x00\x00\x00\x00\x00\x00\x00\x00\x00\x00\x00\x00\x00\x00\x00\x00\x00\x00\x00\x00\x00\x00\x00\x00\x00\x00\x00\x00\x00\x00\x00\x00\x00\x00\x00\x00\x00\x00\x00\x00\x00\x00\x00\x00\x00\x00\x00\x00\x00\x00\x00\x00\x00\x00\x00\x00\x00\x00\x00\x00\x00\x00\x00\x00\x00\x00\x00\x00\x00\x00\x00\x00\x00\x00\x00\x00\x00\x00\x00\x00\x00\x00\x00\x00\x00\x00\x00\x00\x00\x00\x00\x00\x00\x00\x00\x00\x00\x00\x00\x00\x00\x00\x00\x00\x00\x00\x00\x00\x00\x00\x00\x00\x00\x00\x00\x00\x00\x00\x00\x00\x00\x00\x00\x00\x00\x00\x00\x00\x00\x00\x00\x00\x00\x00\x00\x00\x00\x00\x00\x00\x00\x00\x00\x00\x00\x00\x00\x00\x00\x00\x00\x00\x00\x00\x00\x00\x00\x00\x00\x00\x00\x00\x00\x00\x00\x00\x00\x00\x00\x00\x00\x00\x00\x00\x00\x00\x00\x00\x00\x00\x00\x00\x00\x00\x00\x00\x00\x00\x00\x00\x00\x00\x00\x00\x00\x00\x00\x00\x00\x00\x00\x00\x00\x00\x00\x00\x00\x00\x00\x00\x00\x00\x00\x00\x00\x00\x00\x00\x00\x00\x00\x00\x00\x00\x00\x00\x00\x00\x00\x00\x00\x00\x00\x00\x00\x00\x00\x00\x00\x00\x00\x00\x00\x00\x00\x00\x00\x00\x00\x00\x00\x00\x00\x00\x00\x00\x00\x00\x00\x00\x00\x00\x00\x01\x00\x02\x00\x07\x00\x00\x00\x040100\x00\x00\x00\x00\x00\x00\x00O\x1a\x00\x00\x00\x03\x89\x004\xbc\x00\x00\x00\x02S\x00\x00G\x00u\x00i\x00l\x00h\x00e\x00r\x00m\x00e\x00 \x00A\x00l\x00v\x00e\x00s\x00\x00\x000270104774\x00\x00\x00\x00\x00&lt;\x00\x00\x00\x01\x00\x00\x00&lt;\x00\x00\x00\x01\x00\x00\x00\x00\x00\x00\x00\x00\x00\x00\x00\x00\x00\x00\x00\x00\xff\xe2\x0cXICC_PROFILE\x00\x01\x01\x00\x00\x0cHLino\x02\x10\x00\x00mntrRGB XYZ \x07\xce\x00\x02\x00\t\x00\x06\x001\x00\x00acspMSFT\x00\x00\x00\x00IEC sRGB\x00\x00\x00\x00\x00\x00\x00\x00\x00\x00\x00\x00\x00\x00\xf6\xd6\x00\x01\x00\x00\x00\x00\xd3-HP  \x00\x00\x00\x00\x00\x00\x00\x00\x00\x00\x00\x00\x00\x00\x00\x00\x00\x00\x00\x00\x00\x00\x00\x00\x00\x00\x00\x00\x00\x00\x00\x00\x00\x00\x00\x00\x00\x00\x00\x00\x00\x00\x00\x00\x00\x00\x00\x11cprt\x00\x00\x01P\x00\x00\x003desc\x00\x00\x01\x84\x00\x00\x00lwtpt\x00\x00\x01\xf0\x00\x00\x00\x14bkpt\x00\x00\x02\x04\x00\x00\x00\x14rXYZ\x00\x00\x02\x18\x00\x00\x00\x14gXYZ\x00\x00\x02,\x00\x00\x00\x14bXYZ\x00\x00\x02@\x00\x00\x00\x14dmnd\x00\x00\x02T\x00\x00\x00pdmdd\x00\x00\x02\xc4\x00\x00\x00\x88vued\x00\x00\x03L\x00\x00\x00\x86view\x00\x00\x03\xd4\x00\x00\x00$lumi\x00\x00\x03\xf8\x00\x00\x00\x14meas\x00\x00\x04\x0c\x00\x00\x00$tech\x00\x00\x040\x00\x00\x00\x0crTRC\x00\x00\x04&lt;\x00\x00\x08\x0cgTRC\x00\x00\x04&lt;\x00\x00\x08\x0cbTRC\x00\x00\x04&lt;\x00\x00\x08\x0ctext\x00\x00\x00\x00Copyright (c) 1998 Hewlett-Packard Company\x00\x00desc\x00\x00\x00\x00\x00\x00\x00\x12sRGB IEC61966-2.1\x00\x00\x00\x00\x00\x00\x00\x00\x00\x00\x00\x12sRGB IEC61966-2.1\x00\x00\x00\x00\x00\x00\x00\x00\x00\x00\x00\x00\x00\x00\x00\x00\x00\x00\x00\x00\x00\x00\x00\x00\x00\x00\x00\x00\x00\x00\x00\x00\x00\x00\x00\x00\x00\x00\x00\x00\x00\x00\x00\x00\x00\x00\x00\x00\x00\x00XYZ \x00\x00\x00\x00\x00\x00\xf3Q\x00\x01\x00\x00\x00\x01\x16\xccXYZ \x00\x00\x00\x00\x00\x00\x00\x00\x00\x00\x00\x00\x00\x00\x00\x00XYZ \x00\x00\x00\x00\x00\x00o\xa2\x00\x008\xf5\x00\x00\x03\x90XYZ \x00\x00\x00\x00\x00\x00b\x99\x00\x00\xb7\x85\x00\x00\x18\xdaXYZ \x00\x00\x00\x00\x00\x00$\xa0\x00\x00\x0f\x84\x00\x00\xb6\xcfdesc\x00\x00\x00\x00\x00\x00\x00\x16IEC http://www.iec.ch\x00\x00\x00\x00\x00\x00\x00\x00\x00\x00\x00\x16IEC http://www.iec.ch\x00\x00\x00\x00\x00\x00\x00\x00\x00\x00\x00\x00\x00\x00\x00\x00\x00\x00\x00\x00\x00\x00\x00\x00\x00\x00\x00\x00\x00\x00\x00\x00\x00\x00\x00\x00\x00\x00\x00\x00\x00\x00\x00\x00\x00\x00desc\x00\x00\x00\x00\x00\x00\x00.IEC 61966-2.1 Default RGB colour space - sRGB\x00\x00\x00\x00\x00\x00\x00\x00\x00\x00\x00.IEC 61966-2.1 Default RGB colour space - sRGB\x00\x00\x00\x00\x00\x00\x00\x00\x00\x00\x00\x00\x00\x00\x00\x00\x00\x00\x00\x00\x00\x00desc\x00\x00\x00\x00\x00\x00\x00,Reference Viewing Condition in IEC61966-2.1\x00\x00\x00\x00\x00\x00\x00\x00\x00\x00\x00,Reference Viewing Condition in IEC61966-2.1\x00\x00\x00\x00\x00\x00\x00\x00\x00\x00\x00\x00\x00\x00\x00\x00\x00\x00\x00\x00\x00\x00\x00\x00\x00\x00view\x00\x00\x00\x00\x00\x13\xa4\xfe\x00\x14_.\x00\x10\xcf\x14\x00\x03\xed\xcc\x00\x04\x13\x0b\x00\x03\\\x9e\x00\x00\x00\x01XYZ \x00\x00\x00\x00\x00L\tV\x00P\x00\x00\x00W\x1f\xe7meas\x00\x00\x00\x00\x00\x00\x00\x01\x00\x00\x00\x00\x00\x00\x00\x00\x00\x00\x00\x00\x00\x00\x00\x00\x00\x00\x02\x8f\x00\x00\x00\x02sig \x00\x00\x00\x00CRT curv\x00\x00\x00\x00\x00\x00\x04\x00\x00\x00\x00\x05\x00\n\x00\x0f\x00\x14\x00\x19\x00\x1e\x00#\x00(\x00-\x002\x007\x00;\x00@\x00E\x00J\x00O\x00T\x00Y\x00^\x00c\x00h\x00m\x00r\x00w\x00|\x00\x81\x00\x86\x00\x8b\x00\x90\x00\x95\x00\x9a\x00\x9f\x00\xa4\x00\xa9\x00\xae\x00\xb2\x00\xb7\x00\xbc\x00\xc1\x00\xc6\x00\xcb\x00\xd0\x00\xd5\x00\xdb\x00\xe0\x00\xe5\x00\xeb\x00\xf0\x00\xf6\x00\xfb\x01\x01\x01\x07\x01\r\x01\x13\x01\x19\x01\x1f\x01%\x01+\x012\x018\x01&gt;\x01E\x01L\x01R\x01Y\x01`\x01g\x01n\x01u\x01|\x01\x83\x01\x8b\x01\x92\x01\x9a\x01\xa1\x01\xa9\x01\xb1\x01\xb9\x01\xc1\x01\xc9\x01\xd1\x01\xd9\x01\xe1\x01\xe9\x01\xf2\x01\xfa\x02\x03\x02\x0c\x02\x14\x02\x1d\x02&amp;\x02/\x028\x02A\x02K\x02T\x02]\x02g\x02q\x02z\x02\x84\x02\x8e\x02\x98\x02\xa2\x02\xac\x02\xb6\x02\xc1\x02\xcb\x02\xd5\x02\xe0\x02\xeb\x02\xf5\x03\x00\x03\x0b\x03\x16\x03!\x03-\x038\x03C\x03O\x03Z\x03f\x03r\x03~\x03\x8a\x03\x96\x03\xa2\x03\xae\x03\xba\x03\xc7\x03\xd3\x03\xe0\x03\xec\x03\xf9\x04\x06\x04\x13\x04 \x04-\x04;\x04H\x04U\x04c\x04q\x04~\x04\x8c\x04\x9a\x04\xa8\x04\xb6\x04\xc4\x04\xd3\x04\xe1\x04\xf0\x04\xfe\x05\r\x05\x1c\x05+\x05:\x05I\x05X\x05g\x05w\x05\x86\x05\x96\x05\xa6\x05\xb5\x05\xc5\x05\xd5\x05\xe5\x05\xf6\x06\x06\x06\x16\x06\'\x067\x06H\x06Y\x06j\x06{\x06\x8c\x06\x9d\x06\xaf\x06\xc0\x06\xd1\x06\xe3\x06\xf5\x07\x07\x07\x19\x07+\x07=\x07O\x07a\x07t\x07\x86\x07\x99\x07\xac\x07\xbf\x07\xd2\x07\xe5\x07\xf8\x08\x0b\x08\x1f\x082\x08F\x08Z\x08n\x08\x82\x08\x96\x08\xaa\x08\xbe\x08\xd2\x08\xe7\x08\xfb\t\x10\t%\t:\tO\td\ty\t\x8f\t\xa4\t\xba\t\xcf\t\xe5\t\xfb\n\x11\n\'\n=\nT\nj\n\x81\n\x98\n\xae\n\xc5\n\xdc\n\xf3\x0b\x0b\x0b"\x0b9\x0bQ\x0bi\x0b\x80\x0b\x98\x0b\xb0\x0b\xc8\x0b\xe1\x0b\xf9\x0c\x12\x0c*\x0cC\x0c\\\x0cu\x0c\x8e\x0c\xa7\x0c\xc0\x0c\xd9\x0c\xf3\r\r\r&amp;\r@\rZ\rt\r\x8e\r\xa9\r\xc3\r\xde\r\xf8\x0e\x13\x0e.\x0eI\x0ed\x0e\x7f\x0e\x9b\x0e\xb6\x0e\xd2\x0e\xee\x0f\t\x0f%\x0fA\x0f^\x0fz\x0f\x96\x0f\xb3\x0f\xcf\x0f\xec\x10\t\x10&amp;\x10C\x10a\x10~\x10\x9b\x10\xb9\x10\xd7\x10\xf5\x11\x13\x111\x11O\x11m\x11\x8c\x11\xaa\x11\xc9\x11\xe8\x12\x07\x12&amp;\x12E\x12d\x12\x84\x12\xa3\x12\xc3\x12\xe3\x13\x03\x13#\x13C\x13c\x13\x83\x13\xa4\x13\xc5\x13\xe5\x14\x06\x14\'\x14I\x14j\x14\x8b\x14\xad\x14\xce\x14\xf0\x15\x12\x154\x15V\x15x\x15\x9b\x15\xbd\x15\xe0\x16\x03\x16&amp;\x16I\x16l\x16\x8f\x16\xb2\x16\xd6\x16\xfa\x17\x1d\x17A\x17e\x17\x89\x17\xae\x17\xd2\x17\xf7\x18\x1b\x18@\x18e\x18\x8a\x18\xaf\x18\xd5\x18\xfa\x19 \x19E\x19k\x19\x91\x19\xb7\x19\xdd\x1a\x04\x1a*\x1aQ\x1aw\x1a\x9e\x1a\xc5\x1a\xec\x1b\x14\x1b;\x1bc\x1b\x8a\x1b\xb2\x1b\xda\x1c\x02\x1c*\x1cR\x1c{\x1c\xa3\x1c\xcc\x1c\xf5\x1d\x1e\x1dG\x1dp\x1d\x99\x1d\xc3\x1d\xec\x1e\x16\x1e@\x1ej\x1e\x94\x1e\xbe\x1e\xe9\x1f\x13\x1f&gt;\x1fi\x1f\x94\x1f\xbf\x1f\xea \x15 A l \x98 \xc4 \xf0!\x1c!H!u!\xa1!\xce!\xfb"\'"U"\x82"\xaf"\xdd#\n#8#f#\x94#\xc2#\xf0$\x1f$M$|$\xab$\xda%\t%8%h%\x97%\xc7%\xf7&amp;\'&amp;W&amp;\x87&amp;\xb7&amp;\xe8\'\x18\'I\'z\'\xab\'\xdc(\r(?(q(\xa2(\xd4)\x06)8)k)\x9d)\xd0*\x02*5*h*\x9b*\xcf+\x02+6+i+\x9d+\xd1,\x05,9,n,\xa2,\xd7-\x0c-A-v-\xab-\xe1.\x16.L.\x82.\xb7.\xee/$/Z/\x91/\xc7/\xfe050l0\xa40\xdb1\x121J1\x821\xba1\xf22*2c2\x9b2\xd43\r3F3\x7f3\xb83\xf14+4e4\x9e4\xd85\x135M5\x875\xc25\xfd676r6\xae6\xe97$7`7\x9c7\xd78\x148P8\x8c8\xc89\x059B9\x7f9\xbc9\xf9:6:t:\xb2:\xef;-;k;\xaa;\xe8&lt;\'&lt;e&lt;\xa4&lt;\xe3="=a=\xa1=\xe0&gt; &gt;`&gt;\xa0&gt;\xe0?!?a?\xa2?\xe2@#@d@\xa6@\xe7A)AjA\xacA\xeeB0BrB\xb5B\xf7C:C}C\xc0D\x03DGD\x8aD\xceE\x12EUE\x9aE\xdeF"FgF\xabF\xf0G5G{G\xc0H\x05HKH\x91H\xd7I\x1dIcI\xa9I\xf0J7J}J\xc4K\x0cKSK\x9aK\xe2L*LrL\xbaM\x02MJM\x93M\xdcN%NnN\xb7O\x00OIO\x93O\xddP\'PqP\xbbQ\x06QPQ\x9bQ\xe6R1R|R\xc7S\x13S_S\xaaS\xf6TBT\x8fT\xdbU(UuU\xc2V\x0fV\\V\xa9V\xf7WDW\x92W\xe0X/X}X\xcbY\x1aYiY\xb8Z\x07ZVZ\xa6Z\xf5[E[\x95[\xe5\\5\\\x86\\\xd6]\']x]\xc9^\x1a^l^\xbd_\x0f_a_\xb3`\x05`W`\xaa`\xfcaOa\xa2a\xf5bIb\x9cb\xf0cCc\x97c\xebd@d\x94d\xe9e=e\x92e\xe7f=f\x92f\xe8g=g\x93g\xe9h?h\x96h\xeciCi\x9ai\xf1jHj\x9fj\xf7kOk\xa7k\xfflWl\xafm\x08m`m\xb9n\x12nkn\xc4o\x1eoxo\xd1p+p\x86p\xe0q:q\x95q\xf0rKr\xa6s\x01s]s\xb8t\x14tpt\xccu(u\x85u\xe1v&gt;v\x9bv\xf8wVw\xb3x\x11xnx\xccy*y\x89y\xe7zFz\xa5{\x04{c{\xc2|!|\x81|\xe1}A}\xa1~\x01~b~\xc2\x7f#\x7f\x84\x7f\xe5\x80G\x80\xa8\x81\n\x81k\x81\xcd\x820\x82\x92\x82\xf4\x83W\x83\xba\x84\x1d\x84\x80\x84\xe3\x85G\x85\xab\x86\x0e\x86r\x86\xd7\x87;\x87\x9f\x88\x04\x88i\x88\xce\x893\x89\x99\x89\xfe\x8ad\x8a\xca\x8b0\x8b\x96\x8b\xfc\x8cc\x8c\xca\x8d1\x8d\x98\x8d\xff\x8ef\x8e\xce\x8f6\x8f\x9e\x90\x06\x90n\x90\xd6\x91?\x91\xa8\x92\x11\x92z\x92\xe3\x93M\x93\xb6\x94 \x94\x8a\x94\xf4\x95_\x95\xc9\x964\x96\x9f\x97\n\x97u\x97\xe0\x98L\x98\xb8\x99$\x99\x90\x99\xfc\x9ah\x9a\xd5\x9bB\x9b\xaf\x9c\x1c\x9c\x89\x9c\xf7\x9dd\x9d\xd2\x9e@\x9e\xae\x9f\x1d\x9f\x8b\x9f\xfa\xa0i\xa0\xd8\xa1G\xa1\xb6\xa2&amp;\xa2\x96\xa3\x06\xa3v\xa3\xe6\xa4V\xa4\xc7\xa58\xa5\xa9\xa6\x1a\xa6\x8b\xa6\xfd\xa7n\xa7\xe0\xa8R\xa8\xc4\xa97\xa9\xa9\xaa\x1c\xaa\x8f\xab\x02\xabu\xab\xe9\xac\\\xac\xd0\xadD\xad\xb8\xae-\xae\xa1\xaf\x16\xaf\x8b\xb0\x00\xb0u\xb0\xea\xb1`\xb1\xd6\xb2K\xb2\xc2\xb38\xb3\xae\xb4%\xb4\x9c\xb5\x13\xb5\x8a\xb6\x01\xb6y\xb6\xf0\xb7h\xb7\xe0\xb8Y\xb8\xd1\xb9J\xb9\xc2\xba;\xba\xb5\xbb.\xbb\xa7\xbc!\xbc\x9b\xbd\x15\xbd\x8f\xbe\n\xbe\x84\xbe\xff\xbfz\xbf\xf5\xc0p\xc0\xec\xc1g\xc1\xe3\xc2_\xc2\xdb\xc3X\xc3\xd4\xc4Q\xc4\xce\xc5K\xc5\xc8\xc6F\xc6\xc3\xc7A\xc7\xbf\xc8=\xc8\xbc\xc9:\xc9\xb9\xca8\xca\xb7\xcb6\xcb\xb6\xcc5\xcc\xb5\xcd5\xcd\xb5\xce6\xce\xb6\xcf7\xcf\xb8\xd09\xd0\xba\xd1&lt;\xd1\xbe\xd2?\xd2\xc1\xd3D\xd3\xc6\xd4I\xd4\xcb\xd5N\xd5\xd1\xd6U\xd6\xd8\xd7\\\xd7\xe0\xd8d\xd8\xe8\xd9l\xd9\xf1\xdav\xda\xfb\xdb\x80\xdc\x05\xdc\x8a\xdd\x10\xdd\x96\xde\x1c\xde\xa2\xdf)\xdf\xaf\xe06\xe0\xbd\xe1D\xe1\xcc\xe2S\xe2\xdb\xe3c\xe3\xeb\xe4s\xe4\xfc\xe5\x84\xe6\r\xe6\x96\xe7\x1f\xe7\xa9\xe82\xe8\xbc\xe9F\xe9\xd0\xea[\xea\xe5\xebp\xeb\xfb\xec\x86\xed\x11\xed\x9c\xee(\xee\xb4\xef@\xef\xcc\xf0X\xf0\xe5\xf1r\xf1\xff\xf2\x8c\xf3\x19\xf3\xa7\xf44\xf4\xc2\xf5P\xf5\xde\xf6m\xf6\xfb\xf7\x8a\xf8\x19\xf8\xa8\xf98\xf9\xc7\xfaW\xfa\xe7\xfbw\xfc\x07\xfc\x98\xfd)\xfd\xba\xfeK\xfe\xdc\xffm\xff\xff\xff\xdb\x00C\x00\x01\x01\x01\x01\x01\x01\x01\x01\x01\x01\x01\x01\x01\x01\x01\x02\x01\x01\x01\x01\x01\x02\x01\x01\x01\x02\x02\x02\x02\x02\x02\x02\x02\x02\x03\x03\x04\x03\x03\x03\x03\x03\x02\x02\x03\x04\x03\x03\x04\x04\x04\x04\x04\x02\x03\x05\x05\x04\x04\x05\x04\x04\x04\x04\xff\xdb\x00C\x01\x01\x01\x01\x01\x01\x01\x02\x01\x01\x02\x04\x03\x02\x03\x04\x04\x04\x04\x04\x04\x04\x04\x04\x04\x04\x04\x04\x04\x04\x04\x04\x04\x04\x04\x04\x04\x04\x04\x04\x04\x04\x04\x04\x04\x04\x04\x04\x04\x04\x04\x04\x04\x04\x04\x04\x04\x04\x04\x04\x04\x04\x04\x04\x04\xff\xc0\x00\x11\x08\x06\xc0\n \x03\x01"\x00\x02\x11\x01\x03\x11\x01\xff\xc4\x00\x1f\x00\x00\x00\x06\x03\x01\x01\x01\x00\x00\x00\x00\x00\x00\x00\x00\x00\x04\x05\x06\x07\x08\t\x00\x03\n\x02\x01\x0b\xff\xc4\x00S\x10\x00\x02\x01\x03\x03\x03\x02\x04\x05\x03\x02\x03\x06\x01\x01\x19\x01\x02\x03\x04\x05\x11\x06\x12!\x00\x071\x13A\x08"Qa\x142q\x81\x91\t\x15#B\xa1\x16\xb1\xf0$3Rb\xc1\xd1\x17r\x82\xe1\xf1\n%C\x92\x18\xa2&amp;4\x19Ss\xc25Dc\xb2\xe2\'6Et\x83\xff\xc4\x00\x1e\x01\x00\x01\x04\x03\x01\x01\x01\x00\x00\x00\x00\x00\x00\x00\x00\x00\x05\x02\x03\x04\x06\x00\x01\x07\x08\t\n\xff\xc4\x00I\x11\x00\x01\x02\x04\x04\x03\x06\x05\x04\x01\x04\x01\x04\x00\x00\x0f\x01\x02\x11\x00\x03\x04!\x05\x121A\x06Qa\x13"q\x81\x91\xf0\x07\xa1\xb1\xc1\xd1\x142\xe1\xf1#\x08\x15BRb\x16$3r\x82\t\x17C%4\x92\xa2\x18\xb2&amp;S\xc2c\x83\xff\xda\x00\x0c\x03\x01\x00\x02\x11\x03\x11\x00?\x00\xeb\xd4\xc1\x8d\xec\x08\xf9\x8f\x00\x82\x01\xc0\xc1\xcf\xf1\xd0\x88\xe9\x030\xce\n\xf3\x868&lt;\x0c\x01\xe3\x8c\xf9\xf2s\x91\xef\xd0\xa5\x11\x9d\xaa\x8c@\'\x92@\xc0\xc1S\x82&gt;\xf98\xf6\x19\xf28\x1d\r\x8dA\x1e\x01#\x8c\x80Y\t\xe4\x03\x9f\x7f\x1fQ\xc1\x1f\\u\xc7\x1e\xc3\xf1\xfcG\xa5\xd78!\x817\x8d\tI\x19T;\xb7pH\x18@\xb8\xe4\x8d\xa7\x92\x07\x03\x82N\x0e8\xe8@\xa4\xd8Q\xbe`\xa5\x808\x08\xa0\x1e\x00\x04g\xcf&gt;F|x\xeb\xd8\x93\x80\xa0)\xdc\xc0\xef\xe7kc\x1cg\xf78\'\xceG\x07=\r\xde\xdc)\x19\x19\xdb\xf5\xdd\x823\xcf\x8f\x7f\xf6\xf6\xe9\x19f%@\x12\xe9\xb5\xed\xefxis\x82C\xe6\x8d0\xc2\xa2?\x99\xbc\x10\xcaP\x0e\x00\xc1\x00\xf9\xfa\x9f\xd8\x9e|\x1e\xbe\xac*\xa5\x8a)\x04\xfc\xd8&gt;\xc0\x00\x00\x03\x91\xe3#\xed\x9e\xbd\x97\x7f\x94\xaa\xae\x01#\x92\x0e~\x99\xff\x00\x7f\xfa\xf1\xe4\xfc\xe7\xe6\t\x80\xa1\xb0q\xbd\t\xe061\xf6#\xe9\x81\xf6\xe9\xd5g\xca\xd2\x84F\xce\x0b\x95\x1f~Q\xbe-\xad\x9f\x98g#\x8f\xcb\xc8\xc7$s\xf7\xf7\x1d\n\x10\xaepG\xca\xfc\xe4\x0c\xb1\xc2\xe4\x90?\xdb\xf4\xcf\xd0\xf4\x02\x1d\xc8G\x94\x1c\x92\xc3\xe5,I\xc9\xe3\xfe\xb8\x1e\xfd\x18$\x859\\s\x8e\x08\xc9#\xc7#\xed\x81\xe0\x8f\x1d:\x82\xb6e\x0b\xc3J\xc9\xff\x00\x18\xde\xb4\xfc\x06\x03\x1c\x05\xc8\xf0I\xc19?\xc7\x07\xdc\xfd9\xebz\xc6\x17\x94*A\xe7&lt;0l\x8f\x94\xe7\xf4\xfb\xf3\xbb\xef\xd0u\xa9n?\'\xbb9\xff\x00\xc5\x8cc\x03\xf6?\xc7\x9e\xbe4\xa8\xbbTd l\x90\x0e\x0b\x90I$\x9c}p\x7fP|\xe7\xa5\xde\x1b7\xf0\x81\x1b\x01\xe3\x81\x8e\x08\\\x90\x9c\xe4\xff\x00\xccc\xc7\x07\xdb8\xeb\xe0\x19\xf2Q@\n3\x90\xc1\x89\xe7\x03\xc7\xb6\x7f\x9c\xfe\xa1\xbdS\x91\xb8\x02\xc4\x8c9 `pX\x0cc\xe8&lt;\xf1\xd6\xdd\xce\xe3o.\x08 \xae\xd5\x0b\xc2\x80\x01\xc9\xf7\xf9\xbe\xbeO\x1ct\xb0\xb59\x86\xc4\xa4\xeanz\xc0\x85\x04\x13\xb7\'?)\xc6G&gt;&lt;\xff\x00&gt;8\xc7=\tUF&gt;~S\xed\x8d\xa4\x02q\x8c\x1e|\x11\xef\xe4x=\x04\\/\xcf\x9c\x87`N\xf6\r\xb4\x9c\x00\xa0\x7f\xd7\'\xef\xd0\xc8\xe4U\xc8s\xb4s\x80\xd9\x00\x9c\x10@\xfeG=?.s8H\xbf=\xe1\x89\x92\x81u\xa7H\x12\x91/\x1cn&lt;\x91\xb8d\xe7\xe6#\xdb\x8c\xe7\xe9\xfa{\xf45T\x8ev\x9cp\x0e\xd2N\t\xc8\xe4~\xff\x00\xaf@\x05B\xef\n\x85X\x9c\xef\xc9\xcb\x01\xe0\xf1\xfb\xfdz\xdf\xbd\xd8\xe5T\x8c\xa8-\x9eO\x07\x00\x7f\xb1\xfd~\xfdH\x96\xa7H\xcc/\xcb\xdf\xde"\x90y\xda7\x90\x8c\xca\x06\x1b\xe5;\x81\xca\xb9$\x80H_\x7f\'\xc7\x00\x80&gt;\xe0B\xc4~e\t\xc6\x0f,\xcc\x06r\xdc\x95\xf1\xf5\'\xdf\xf5\xf6\x0e\xa1\xc1\x00\xe79\x04a\x82\xf1\x9c\x8c\x1f?_\xae1\xd0'... (set the log level to DEBUG or TRACE to see the full content) 
 </msg>
<msg timestamp="20200804 20:11:06.449" level="INFO">POST Response : url=http://ninjachef-api-qaninja-io.umbler.net/products 
 status=200, reason=OK 
 body={"_id":"5f29e89dfbba920016c6ba22","user":"5f208bef42f1f60016038e9f","thumbnail":"thumbnail-1596582045303","name":"Feijoada","plate":"Tipo","price":20,"__v":0,"thumbnail_url":"http://ninjachef-api-qaninja-io.umbler.net/files/thumbnail-1596582045303","id":"5f29e89dfbba920016c6ba22"} 
 </msg>
<msg timestamp="20200804 20:11:06.450" level="INFO">${resp} = &lt;Response [200]&gt;</msg>
<status status="PASS" starttime="20200804 20:11:05.686" endtime="20200804 20:11:06.450"></status>
</kw>
<kw name="Status Should Be" library="RequestsLibrary">
<doc>Fails if response status code is different than the expected.</doc>
<arguments>
<arg>200</arg>
<arg>${resp}</arg>
</arguments>
<status status="PASS" starttime="20200804 20:11:06.450" endtime="20200804 20:11:06.451"></status>
</kw>
<kw name="Convert To String" library="BuiltIn">
<doc>Converts the given item to a Unicode string.</doc>
<arguments>
<arg>${resp.json()['_id']}</arg>
</arguments>
<assign>
<var>${produto_id}</var>
</assign>
<msg timestamp="20200804 20:11:06.452" level="INFO">${produto_id} = 5f29e89dfbba920016c6ba22</msg>
<status status="PASS" starttime="20200804 20:11:06.451" endtime="20200804 20:11:06.452"></status>
</kw>
<kw name="Set Test Variable" library="BuiltIn">
<doc>Makes a variable available everywhere within the scope of the current test.</doc>
<arguments>
<arg>${produto_id}</arg>
</arguments>
<msg timestamp="20200804 20:11:06.453" level="INFO">${produto_id} = 5f29e89dfbba920016c6ba22</msg>
<status status="PASS" starttime="20200804 20:11:06.452" endtime="20200804 20:11:06.453"></status>
</kw>
<kw name="Go To" library="SeleniumLibrary">
<doc>Navigates the active browser instance to the provided ``url``.</doc>
<arguments>
<arg>${base_url}</arg>
</arguments>
<msg timestamp="20200804 20:11:06.454" level="INFO">Opening url 'http://ninjachef-qaninja-io.umbler.net/'</msg>
<status status="PASS" starttime="20200804 20:11:06.453" endtime="20200804 20:11:07.485"></status>
</kw>
<kw name="Input Text" library="SeleniumLibrary">
<doc>Types the given ``text`` into text field identified by ``locator``.</doc>
<arguments>
<arg>${CAMPO_EMAIL}</arg>
<arg>${email_cozinheiro}</arg>
</arguments>
<msg timestamp="20200804 20:11:07.486" level="INFO">Typing text 'vitor.santos.calado@gmail.com' into text field 'id:email'.</msg>
<status status="PASS" starttime="20200804 20:11:07.485" endtime="20200804 20:11:08.105"></status>
</kw>
<kw name="Click Element" library="SeleniumLibrary">
<doc>Click element identified by ``locator``.</doc>
<arguments>
<arg>${BOTAO_ENTRAR}</arg>
</arguments>
<msg timestamp="20200804 20:11:08.106" level="INFO">Clicking element 'css:button[type=submit]'.</msg>
<status status="PASS" starttime="20200804 20:11:08.105" endtime="20200804 20:11:08.223"></status>
</kw>
<kw name="Wait Until Page Contains Element" library="SeleniumLibrary">
<doc>Waits until element ``locator`` appears on current page.</doc>
<arguments>
<arg>${DIV_DASH}</arg>
</arguments>
<status status="PASS" starttime="20200804 20:11:08.223" endtime="20200804 20:11:08.554"></status>
</kw>
<status status="PASS" starttime="20200804 20:11:02.674" endtime="20200804 20:11:08.555"></status>
</kw>
<kw name="Quando O Cliente Solicita O Preparo De Um Dos Meus Pratos" library="kws">
<kw name="Set Test Variable" library="BuiltIn">
<doc>Makes a variable available everywhere within the scope of the current test.</doc>
<arguments>
<arg>${email_cozinheiro}</arg>
</arguments>
<msg timestamp="20200804 20:11:08.559" level="INFO">${email_cozinheiro} = vitor.santos.calado@gmail.com</msg>
<status status="PASS" starttime="20200804 20:11:08.558" endtime="20200804 20:11:08.559"></status>
</kw>
<kw name="Create Dictionary" library="BuiltIn">
<doc>Creates and returns a dictionary based on the given ``items``.</doc>
<arguments>
<arg>Content-Type=application/json</arg>
<arg>user_id=${token_cliente}</arg>
</arguments>
<assign>
<var>&amp;{headers}</var>
</assign>
<msg timestamp="20200804 20:11:08.562" level="INFO">&amp;{headers} = { Content-Type=application/json | user_id=5f21f788fbba920016c6b7f6 }</msg>
<status status="PASS" starttime="20200804 20:11:08.560" endtime="20200804 20:11:08.562"></status>
</kw>
<kw name="Create Dictionary" library="BuiltIn">
<doc>Creates and returns a dictionary based on the given ``items``.</doc>
<arguments>
<arg>payment=Dinheiro</arg>
</arguments>
<assign>
<var>&amp;{payload}</var>
</assign>
<msg timestamp="20200804 20:11:08.564" level="INFO">&amp;{payload} = { payment=Dinheiro }</msg>
<status status="PASS" starttime="20200804 20:11:08.563" endtime="20200804 20:11:08.564"></status>
</kw>
<kw name="Create Session" library="RequestsLibrary">
<doc>Create Session: create a HTTP session to a server</doc>
<arguments>
<arg>api</arg>
<arg>${api_url}</arg>
</arguments>
<msg timestamp="20200804 20:11:08.566" level="INFO">Creating Session using : alias=api, url=http://ninjachef-api-qaninja-io.umbler.net, headers={},                     cookies={}, auth=None, timeout=None, proxies=None, verify=False,                     debug=0 </msg>
<status status="PASS" starttime="20200804 20:11:08.564" endtime="20200804 20:11:08.567"></status>
</kw>
<kw name="Post Request" library="RequestsLibrary">
<doc>Send a POST request on the session object found using the
given `alias`</doc>
<arguments>
<arg>api</arg>
<arg>/products/${produto_id}/orders</arg>
<arg>data=${payload}</arg>
<arg>headers=${headers}</arg>
</arguments>
<assign>
<var>${resp}</var>
</assign>
<msg timestamp="20200804 20:11:09.238" level="INFO">POST Request : url=http://ninjachef-api-qaninja-io.umbler.net/products/5f29e89dfbba920016c6ba22/orders 
 path_url=/products/5f29e89dfbba920016c6ba22/orders 
 headers={'User-Agent': 'python-requests/2.24.0', 'Accept-Encoding': 'gzip, deflate', 'Accept': '*/*', 'Connection': 'keep-alive', 'Content-Type': 'application/json', 'user_id': '5f21f788fbba920016c6b7f6', 'Content-Length': '23'} 
 body={"payment": "Dinheiro"} 
 </msg>
<msg timestamp="20200804 20:11:09.238" level="INFO">POST Response : url=http://ninjachef-api-qaninja-io.umbler.net/products/5f29e89dfbba920016c6ba22/orders 
 status=200, reason=OK 
 body={"_id":"5f29e8a0fbba920016c6ba23","user":{"_id":"5f21f788fbba920016c6b7f6","email":"vitor.calado@outlook.com","__v":0},"product":{"_id":"5f29e89dfbba920016c6ba22","user":"5f208bef42f1f60016038e9f","thumbnail":"thumbnail-1596582045303","name":"Feijoada","plate":"Tipo","price":20,"__v":0,"thumbnail_url":"http://ninjachef-api-qaninja-io.umbler.net/files/thumbnail-1596582045303","id":"5f29e89dfbba920016c6ba22"},"payment":"Dinheiro","__v":0} 
 </msg>
<msg timestamp="20200804 20:11:09.239" level="INFO">${resp} = &lt;Response [200]&gt;</msg>
<status status="PASS" starttime="20200804 20:11:08.568" endtime="20200804 20:11:09.239"></status>
</kw>
<kw name="Status Should Be" library="RequestsLibrary">
<doc>Fails if response status code is different than the expected.</doc>
<arguments>
<arg>200</arg>
<arg>${resp}</arg>
</arguments>
<status status="PASS" starttime="20200804 20:11:09.239" endtime="20200804 20:11:09.240"></status>
</kw>
<kw name="Convert To String" library="BuiltIn">
<doc>Converts the given item to a Unicode string.</doc>
<arguments>
<arg>${resp.json()['_id']}</arg>
</arguments>
<assign>
<var>${token_cozinheiro}</var>
</assign>
<msg timestamp="20200804 20:11:09.242" level="INFO">${token_cozinheiro} = 5f29e8a0fbba920016c6ba23</msg>
<status status="PASS" starttime="20200804 20:11:09.240" endtime="20200804 20:11:09.242"></status>
</kw>
<kw name="Set Test Variable" library="BuiltIn">
<doc>Makes a variable available everywhere within the scope of the current test.</doc>
<arguments>
<arg>${token_cozinheiro}</arg>
</arguments>
<msg timestamp="20200804 20:11:09.243" level="INFO">${token_cozinheiro} = 5f29e8a0fbba920016c6ba23</msg>
<status status="PASS" starttime="20200804 20:11:09.242" endtime="20200804 20:11:09.243"></status>
</kw>
<status status="PASS" starttime="20200804 20:11:08.556" endtime="20200804 20:11:09.244"></status>
</kw>
<kw name="Então Devo Receber Uma Notificação De Pedido" library="kws">
<kw name="Convert To String" library="BuiltIn">
<doc>Converts the given item to a Unicode string.</doc>
<arguments>
<arg>${email_cliente} está solicitando o preparo do seguinte prato: ${produto}.</arg>
</arguments>
<assign>
<var>${mensaagem_esperada}</var>
</assign>
<msg timestamp="20200804 20:11:09.252" level="INFO">${mensaagem_esperada} = vitor.calado@outlook.com está solicitando o preparo do seguinte prato: Feijoada.</msg>
<status status="PASS" starttime="20200804 20:11:09.251" endtime="20200804 20:11:09.252"></status>
</kw>
<kw name="Wait Until Page Contains" library="SeleniumLibrary">
<doc>Waits until ``text`` appears on current page.</doc>
<arguments>
<arg>${mensaagem_esperada}</arg>
<arg>5</arg>
</arguments>
<status status="PASS" starttime="20200804 20:11:09.252" endtime="20200804 20:11:09.324"></status>
</kw>
<status status="PASS" starttime="20200804 20:11:09.249" endtime="20200804 20:11:09.325"></status>
</kw>
<kw name="E Posso Aceitar ou Rejeitar Esse Pedido" library="kws">
<kw name="Wait Until Page Contains" library="SeleniumLibrary">
<doc>Waits until ``text`` appears on current page.</doc>
<arguments>
<arg>ACEITAR</arg>
<arg>5</arg>
</arguments>
<status status="PASS" starttime="20200804 20:11:09.332" endtime="20200804 20:11:09.388"></status>
</kw>
<kw name="Wait Until Page Contains" library="SeleniumLibrary">
<doc>Waits until ``text`` appears on current page.</doc>
<arguments>
<arg>REJEITAR</arg>
<arg>5</arg>
</arguments>
<status status="PASS" starttime="20200804 20:11:09.389" endtime="20200804 20:11:09.447"></status>
</kw>
<status status="PASS" starttime="20200804 20:11:09.330" endtime="20200804 20:11:09.447"></status>
</kw>
<kw name="Close Session" library="base" type="teardown">
<kw name="Capture Page Screenshot" library="SeleniumLibrary">
<doc>Takes screenshot of the current page and embeds it into log file.</doc>
<msg timestamp="20200804 20:11:09.932" level="INFO" html="yes">&lt;/td&gt;&lt;/tr&gt;&lt;tr&gt;&lt;td colspan="3"&gt;&lt;a href="selenium-screenshot-13.png"&gt;&lt;img src="selenium-screenshot-13.png" width="800px"&gt;&lt;/a&gt;</msg>
<status status="PASS" starttime="20200804 20:11:09.453" endtime="20200804 20:11:09.933"></status>
</kw>
<kw name="Close Browser" library="SeleniumLibrary">
<doc>Closes the current browser.</doc>
<status status="PASS" starttime="20200804 20:11:09.933" endtime="20200804 20:11:13.905"></status>
</kw>
<status status="PASS" starttime="20200804 20:11:09.451" endtime="20200804 20:11:13.906"></status>
</kw>
<status status="PASS" starttime="20200804 20:10:57.839" endtime="20200804 20:11:13.907" critical="yes"></status>
</test>
<doc>Receber pedidos
Sendo um cozinheiro que possui pratos no dashboard
Quero receber solicitações de preparo dos meus pratos
Para que eu possa envia´los aos meus clientes</doc>
<status status="PASS" starttime="20200804 20:10:57.050" endtime="20200804 20:11:13.912"></status>
</suite>
<statistics>
<total>
<stat pass="1" fail="0">Critical Tests</stat>
<stat pass="1" fail="0">All Tests</stat>
</total>
<tag>
</tag>
<suite>
<stat pass="1" fail="0" id="s1" name="Receber-Pedidos">Receber-Pedidos</stat>
</suite>
</statistics>
<errors>
</errors>
</robot>
