<?xml version="1.0" encoding="UTF-8"?>
<robot generator="Robot 3.2.1 (Python 3.8.3 on win32)" generated="20200722 19:10:21.531" rpa="false">
<suite id="s1" name="Cadastro" source="G:\dev\projects\RobotFramework\RoboWeek2\ninjachef\cadastro.robot">
<test id="s1-t1" name="Cadstro Simples">
<kw name="Dado Que Acesso A Página Principal">
<msg timestamp="20200722 19:10:21.699" level="FAIL">No keyword with name 'Dado Que Acesso A Página Principal' found.</msg>
<status status="FAIL" starttime="20200722 19:10:21.699" endtime="20200722 19:10:21.700"></status>
</kw>
<status status="FAIL" starttime="20200722 19:10:21.695" endtime="20200722 19:10:21.733" critical="yes">No keyword with name 'Dado Que Acesso A Página Principal' found.</status>
</test>
<doc>Suite dos testes de cadastro</doc>
<status status="FAIL" starttime="20200722 19:10:21.553" endtime="20200722 19:10:21.744"></status>
</suite>
<statistics>
<total>
<stat pass="0" fail="1">Critical Tests</stat>
<stat pass="0" fail="1">All Tests</stat>
</total>
<tag>
</tag>
<suite>
<stat pass="0" fail="1" id="s1" name="Cadastro">Cadastro</stat>
</suite>
</statistics>
<errors>
</errors>
</robot>
