<?xml version="1.0" encoding="UTF-8"?>
<robot generator="Robot 3.2.1 (Python 3.8.3 on win32)" generated="20200729 20:01:15.264" rpa="false">
<suite id="s1" name="Login" source="G:\dev\projects\RobotFramework\RoboWeek2\ninjachef\mobile\tests\login.robot">
<test id="s1-t1" name="Acessar O Cardápio">
<kw name="Open Session" library="base" type="setup">
<kw name="Open Application" library="AppiumLibrary">
<doc>Opens a new application to given Appium server.
Capabilities of appium server, Android and iOS,
Please check https://github.com/appium/appium/blob/master/docs/en/writing-running-appium/server-args.md
| *Option*            | *Man.* | *Description*     |
| remote_url          | Yes    | Appium server url |
| alias               | no     | alias             |</doc>
<arguments>
<arg>http://localhost:4723/wd/hub</arg>
<arg>automationName=UiAutomator2</arg>
<arg>platformName=Android</arg>
<arg>deviceName=emulator</arg>
<arg>app=${EXECDIR}/app/ninjachef.apk</arg>
<arg>udid=56e9d304</arg>
<arg>adbExecTimeout=300000</arg>
</arguments>
<status status="PASS" starttime="20200729 20:01:15.856" endtime="20200729 20:01:52.995"></status>
</kw>
<status status="PASS" starttime="20200729 20:01:15.855" endtime="20200729 20:01:52.995"></status>
</kw>
<kw name="Dado Que Desejo Comer &quot;Massas&quot;" library="kws">
<kw name="Set Test Variable" library="BuiltIn">
<doc>Makes a variable available everywhere within the scope of the current test.</doc>
<arguments>
<arg>${prato}</arg>
</arguments>
<msg timestamp="20200729 20:01:53.000" level="INFO">${prato} = Massas</msg>
<status status="PASS" starttime="20200729 20:01:52.998" endtime="20200729 20:01:53.000"></status>
</kw>
<status status="PASS" starttime="20200729 20:01:52.997" endtime="20200729 20:01:53.001"></status>
</kw>
<kw name="Quando Submeto Meu Email &quot;vitor.calado@outlook.com.br&quot;" library="kws">
<kw name="Wait Until Page Contains" library="AppiumLibrary">
<doc>Waits until `text` appears on current page.</doc>
<arguments>
<arg>Buscar Prato</arg>
<arg>10</arg>
</arguments>
<status status="PASS" starttime="20200729 20:01:53.003" endtime="20200729 20:01:54.036"></status>
</kw>
<kw name="Input Text" library="AppiumLibrary">
<doc>Types the given `text` into text field identified by `locator`.</doc>
<arguments>
<arg>accessibility_id=emailInput</arg>
<arg>${email}</arg>
</arguments>
<msg timestamp="20200729 20:01:54.040" level="INFO">Typing text 'vitor.calado@outlook.com.br' into text field 'accessibility_id=emailInput'</msg>
<status status="PASS" starttime="20200729 20:01:54.037" endtime="20200729 20:01:54.596"></status>
</kw>
<kw name="Input Text" library="AppiumLibrary">
<doc>Types the given `text` into text field identified by `locator`.</doc>
<arguments>
<arg>accessibility_id=plateInput</arg>
<arg>${prato}</arg>
</arguments>
<msg timestamp="20200729 20:01:54.601" level="INFO">Typing text 'Massas' into text field 'accessibility_id=plateInput'</msg>
<status status="PASS" starttime="20200729 20:01:54.597" endtime="20200729 20:01:55.668"></status>
</kw>
<kw name="Click Text" library="AppiumLibrary">
<doc>Click text identified by ``text``.</doc>
<arguments>
<arg>Buscar Prato</arg>
</arguments>
<status status="PASS" starttime="20200729 20:01:55.669" endtime="20200729 20:01:56.590"></status>
</kw>
<status status="PASS" starttime="20200729 20:01:53.002" endtime="20200729 20:01:56.590"></status>
</kw>
<kw name="Então Devo Ver A Lista De Pratos Por Tipo" library="kws">
<kw name="Sleep" library="BuiltIn">
<doc>Pauses the test executed for the given time.</doc>
<arguments>
<arg>5</arg>
</arguments>
<msg timestamp="20200729 20:02:01.595" level="INFO">Slept 5 seconds</msg>
<status status="PASS" starttime="20200729 20:01:56.592" endtime="20200729 20:02:01.595"></status>
</kw>
<kw name="Wait Until Page Contains" library="AppiumLibrary">
<doc>Waits until `text` appears on current page.</doc>
<arguments>
<arg>Fome de ${prato}</arg>
</arguments>
<status status="PASS" starttime="20200729 20:02:01.595" endtime="20200729 20:02:01.736"></status>
</kw>
<status status="PASS" starttime="20200729 20:01:56.591" endtime="20200729 20:02:01.737"></status>
</kw>
<kw name="Close Session" library="base" type="teardown">
<kw name="Capture Page Screenshot" library="AppiumLibrary">
<doc>Takes a screenshot of the current page and embeds it into the log.</doc>
<msg timestamp="20200729 20:02:02.341" level="INFO" html="yes">&lt;/td&gt;&lt;/tr&gt;&lt;tr&gt;&lt;td colspan="3"&gt;&lt;a href="appium-screenshot-1.png"&gt;&lt;img src="appium-screenshot-1.png" width="800px"&gt;&lt;/a&gt;</msg>
<status status="PASS" starttime="20200729 20:02:01.740" endtime="20200729 20:02:02.341"></status>
</kw>
<kw name="Close Application" library="AppiumLibrary">
<doc>Closes the current application and also close webdriver session.</doc>
<status status="PASS" starttime="20200729 20:02:02.342" endtime="20200729 20:02:03.382"></status>
</kw>
<status status="PASS" starttime="20200729 20:02:01.738" endtime="20200729 20:02:03.383"></status>
</kw>
<status status="PASS" starttime="20200729 20:01:15.854" endtime="20200729 20:02:03.383" critical="yes"></status>
</test>
<doc>Teste do Login no NinjaChef Mobile</doc>
<status status="PASS" starttime="20200729 20:01:15.269" endtime="20200729 20:02:03.386"></status>
</suite>
<statistics>
<total>
<stat pass="1" fail="0">Critical Tests</stat>
<stat pass="1" fail="0">All Tests</stat>
</total>
<tag>
</tag>
<suite>
<stat pass="1" fail="0" id="s1" name="Login">Login</stat>
</suite>
</statistics>
<errors>
</errors>
</robot>
