<?xml version="1.0" encoding="UTF-8"?>
<robot generator="Robot 3.2.1 (Python 3.8.3 on win32)" generated="20200722 21:26:31.592" rpa="false">
<suite id="s1" name="Cadastro" source="G:\dev\projects\RobotFramework\RoboWeek2\ninjachef\tests\cadastro.robot">
<test id="s1-t1" name="Cadstro Simples">
<kw name="Open Session" library="base" type="setup">
<kw name="Open Browser" library="SeleniumLibrary">
<doc>Opens a new browser instance to the given ``url``.</doc>
<arguments>
<arg>auto:blank</arg>
<arg>chrome</arg>
</arguments>
<msg timestamp="20200722 21:26:32.075" level="INFO">Opening browser 'chrome' to base url 'auto:blank'.</msg>
<status status="PASS" starttime="20200722 21:26:32.075" endtime="20200722 21:26:36.119"></status>
</kw>
<status status="PASS" starttime="20200722 21:26:32.073" endtime="20200722 21:26:36.119"></status>
</kw>
<kw name="Dado Que Acesso A Página Principal" library="kws">
<kw name="Go To" library="SeleniumLibrary">
<doc>Navigates the active browser instance to the provided ``url``.</doc>
<arguments>
<arg>http://ninjachef-qaninja-io.umbler.net/</arg>
</arguments>
<msg timestamp="20200722 21:26:36.122" level="INFO">Opening url 'http://ninjachef-qaninja-io.umbler.net/'</msg>
<status status="PASS" starttime="20200722 21:26:36.122" endtime="20200722 21:26:37.216"></status>
</kw>
<status status="PASS" starttime="20200722 21:26:36.121" endtime="20200722 21:26:37.217"></status>
</kw>
<kw name="Quando Submeto O Meu Email &quot;joao@gmail.com&quot;" library="kws">
<kw name="Input Text" library="SeleniumLibrary">
<doc>Types the given ``text`` into text field identified by ``locator``.</doc>
<arguments>
<arg>id:email</arg>
<arg>${EMAIL}</arg>
</arguments>
<msg timestamp="20200722 21:26:37.226" level="INFO">Typing text 'joao@gmail.com' into text field 'id:email'.</msg>
<status status="PASS" starttime="20200722 21:26:37.226" endtime="20200722 21:26:37.641"></status>
</kw>
<kw name="Click Element" library="SeleniumLibrary">
<doc>Click element identified by ``locator``.</doc>
<arguments>
<arg>css:button[type=submit]</arg>
</arguments>
<msg timestamp="20200722 21:26:37.641" level="INFO">Clicking element 'css:button[type=submit]'.</msg>
<status status="PASS" starttime="20200722 21:26:37.641" endtime="20200722 21:26:37.758"></status>
</kw>
<status status="PASS" starttime="20200722 21:26:37.225" endtime="20200722 21:26:37.758"></status>
</kw>
<kw name="Então Devo Ser Autenticado" library="kws">
<kw name="Wait Until Page Contains Element" library="SeleniumLibrary">
<doc>Waits until element ``locator`` appears on current page.</doc>
<arguments>
<arg>class:dashboard</arg>
</arguments>
<status status="PASS" starttime="20200722 21:26:37.759" endtime="20200722 21:26:38.096"></status>
</kw>
<status status="PASS" starttime="20200722 21:26:37.759" endtime="20200722 21:26:38.096"></status>
</kw>
<kw name="Close Session" library="base" type="teardown">
<kw name="Close Browser" library="SeleniumLibrary">
<doc>Closes the current browser.</doc>
<status status="PASS" starttime="20200722 21:26:38.105" endtime="20200722 21:26:40.436"></status>
</kw>
<status status="PASS" starttime="20200722 21:26:38.104" endtime="20200722 21:26:40.436"></status>
</kw>
<status status="PASS" starttime="20200722 21:26:32.071" endtime="20200722 21:26:40.437" critical="yes"></status>
</test>
<test id="s1-t2" name="Email Incorreto">
<kw name="Open Session" library="base" type="setup">
<kw name="Open Browser" library="SeleniumLibrary">
<doc>Opens a new browser instance to the given ``url``.</doc>
<arguments>
<arg>auto:blank</arg>
<arg>chrome</arg>
</arguments>
<msg timestamp="20200722 21:26:40.444" level="INFO">Opening browser 'chrome' to base url 'auto:blank'.</msg>
<status status="PASS" starttime="20200722 21:26:40.444" endtime="20200722 21:26:44.064"></status>
</kw>
<status status="PASS" starttime="20200722 21:26:40.443" endtime="20200722 21:26:44.065"></status>
</kw>
<kw name="Dado Que Acesso A Página Principal" library="kws">
<kw name="Go To" library="SeleniumLibrary">
<doc>Navigates the active browser instance to the provided ``url``.</doc>
<arguments>
<arg>http://ninjachef-qaninja-io.umbler.net/</arg>
</arguments>
<msg timestamp="20200722 21:26:44.067" level="INFO">Opening url 'http://ninjachef-qaninja-io.umbler.net/'</msg>
<status status="PASS" starttime="20200722 21:26:44.067" endtime="20200722 21:26:45.147"></status>
</kw>
<status status="PASS" starttime="20200722 21:26:44.066" endtime="20200722 21:26:45.148"></status>
</kw>
<kw name="Quando Submeto O Meu Email &quot;joao&amp;gmail.com&quot;" library="kws">
<kw name="Input Text" library="SeleniumLibrary">
<doc>Types the given ``text`` into text field identified by ``locator``.</doc>
<arguments>
<arg>id:email</arg>
<arg>${EMAIL}</arg>
</arguments>
<msg timestamp="20200722 21:26:45.153" level="INFO">Typing text 'joao&amp;gmail.com' into text field 'id:email'.</msg>
<status status="PASS" starttime="20200722 21:26:45.152" endtime="20200722 21:26:45.571"></status>
</kw>
<kw name="Click Element" library="SeleniumLibrary">
<doc>Click element identified by ``locator``.</doc>
<arguments>
<arg>css:button[type=submit]</arg>
</arguments>
<msg timestamp="20200722 21:26:45.571" level="INFO">Clicking element 'css:button[type=submit]'.</msg>
<status status="PASS" starttime="20200722 21:26:45.571" endtime="20200722 21:26:45.684"></status>
</kw>
<status status="PASS" starttime="20200722 21:26:45.151" endtime="20200722 21:26:45.685"></status>
</kw>
<kw name="Então Devo Ver A Mensagem &quot;Oops. Informe um email válido!&quot;" library="kws">
<kw name="Wait Until Element Contains" library="SeleniumLibrary">
<doc>Waits until element ``locator`` contains ``text``.</doc>
<arguments>
<arg>class:alert</arg>
<arg>${MENSAGEM}</arg>
</arguments>
<status status="PASS" starttime="20200722 21:26:45.687" endtime="20200722 21:26:45.743"></status>
</kw>
<status status="PASS" starttime="20200722 21:26:45.686" endtime="20200722 21:26:45.744"></status>
</kw>
<kw name="Close Session" library="base" type="teardown">
<kw name="Close Browser" library="SeleniumLibrary">
<doc>Closes the current browser.</doc>
<status status="PASS" starttime="20200722 21:26:45.746" endtime="20200722 21:26:48.070"></status>
</kw>
<status status="PASS" starttime="20200722 21:26:45.745" endtime="20200722 21:26:48.071"></status>
</kw>
<status status="PASS" starttime="20200722 21:26:40.442" endtime="20200722 21:26:48.071" critical="yes"></status>
</test>
<test id="s1-t3" name="Email Em Branco">
<kw name="Open Session" library="base" type="setup">
<kw name="Open Browser" library="SeleniumLibrary">
<doc>Opens a new browser instance to the given ``url``.</doc>
<arguments>
<arg>auto:blank</arg>
<arg>chrome</arg>
</arguments>
<msg timestamp="20200722 21:26:48.080" level="INFO">Opening browser 'chrome' to base url 'auto:blank'.</msg>
<status status="PASS" starttime="20200722 21:26:48.079" endtime="20200722 21:26:51.732"></status>
</kw>
<status status="PASS" starttime="20200722 21:26:48.078" endtime="20200722 21:26:51.733"></status>
</kw>
<kw name="Dado Que Acesso A Página Principal" library="kws">
<kw name="Go To" library="SeleniumLibrary">
<doc>Navigates the active browser instance to the provided ``url``.</doc>
<arguments>
<arg>http://ninjachef-qaninja-io.umbler.net/</arg>
</arguments>
<msg timestamp="20200722 21:26:51.737" level="INFO">Opening url 'http://ninjachef-qaninja-io.umbler.net/'</msg>
<status status="PASS" starttime="20200722 21:26:51.736" endtime="20200722 21:26:53.487"></status>
</kw>
<status status="PASS" starttime="20200722 21:26:51.735" endtime="20200722 21:26:53.489"></status>
</kw>
<kw name="Quando Submeto O Meu Email &quot;${EMPTY}&quot;" library="kws">
<kw name="Input Text" library="SeleniumLibrary">
<doc>Types the given ``text`` into text field identified by ``locator``.</doc>
<arguments>
<arg>id:email</arg>
<arg>${EMAIL}</arg>
</arguments>
<msg timestamp="20200722 21:26:53.497" level="INFO">Typing text '' into text field 'id:email'.</msg>
<status status="PASS" starttime="20200722 21:26:53.496" endtime="20200722 21:26:53.695"></status>
</kw>
<kw name="Click Element" library="SeleniumLibrary">
<doc>Click element identified by ``locator``.</doc>
<arguments>
<arg>css:button[type=submit]</arg>
</arguments>
<msg timestamp="20200722 21:26:53.696" level="INFO">Clicking element 'css:button[type=submit]'.</msg>
<status status="PASS" starttime="20200722 21:26:53.696" endtime="20200722 21:26:53.807"></status>
</kw>
<status status="PASS" starttime="20200722 21:26:53.494" endtime="20200722 21:26:53.808"></status>
</kw>
<kw name="Então Devo Ver A Mensagem &quot;Oops. Informe um email válido!&quot;" library="kws">
<kw name="Wait Until Element Contains" library="SeleniumLibrary">
<doc>Waits until element ``locator`` contains ``text``.</doc>
<arguments>
<arg>class:alert</arg>
<arg>${MENSAGEM}</arg>
</arguments>
<status status="PASS" starttime="20200722 21:26:53.810" endtime="20200722 21:26:53.861"></status>
</kw>
<status status="PASS" starttime="20200722 21:26:53.809" endtime="20200722 21:26:53.862"></status>
</kw>
<kw name="Close Session" library="base" type="teardown">
<kw name="Close Browser" library="SeleniumLibrary">
<doc>Closes the current browser.</doc>
<status status="PASS" starttime="20200722 21:26:53.865" endtime="20200722 21:26:56.205"></status>
</kw>
<status status="PASS" starttime="20200722 21:26:53.864" endtime="20200722 21:26:56.206"></status>
</kw>
<status status="PASS" starttime="20200722 21:26:48.076" endtime="20200722 21:26:56.207" critical="yes"></status>
</test>
<doc>Suite dos testes de cadastro</doc>
<status status="PASS" starttime="20200722 21:26:31.595" endtime="20200722 21:26:56.211"></status>
</suite>
<statistics>
<total>
<stat pass="3" fail="0">Critical Tests</stat>
<stat pass="3" fail="0">All Tests</stat>
</total>
<tag>
</tag>
<suite>
<stat pass="3" fail="0" id="s1" name="Cadastro">Cadastro</stat>
</suite>
</statistics>
<errors>
</errors>
</robot>
