<?xml version="1.0" encoding="UTF-8"?>
<robot generator="Robot 3.2.1 (Python 3.8.3 on win32)" generated="20200722 21:06:01.564" rpa="false">
<suite id="s1" name="Cadastro" source="G:\dev\projects\RobotFramework\RoboWeek2\ninjachef\tests\cadastro.robot">
<test id="s1-t1" name="Cadstro Simples">
<kw name="Open Session" library="base" type="setup">
<kw name="Open Browser" library="SeleniumLibrary">
<doc>Opens a new browser instance to the given ``url``.</doc>
<arguments>
<arg>auto:blank</arg>
<arg>chrome</arg>
</arguments>
<msg timestamp="20200722 21:06:01.929" level="INFO">Opening browser 'chrome' to base url 'auto:blank'.</msg>
<status status="PASS" starttime="20200722 21:06:01.929" endtime="20200722 21:06:05.477"></status>
</kw>
<status status="PASS" starttime="20200722 21:06:01.928" endtime="20200722 21:06:05.478"></status>
</kw>
<kw name="Dado Que Acesso A Página Principal" library="kws">
<kw name="Go To" library="SeleniumLibrary">
<doc>Navigates the active browser instance to the provided ``url``.</doc>
<arguments>
<arg>http://ninjachef-qaninja-io.umbler.net/</arg>
</arguments>
<msg timestamp="20200722 21:06:05.481" level="INFO">Opening url 'http://ninjachef-qaninja-io.umbler.net/'</msg>
<status status="PASS" starttime="20200722 21:06:05.480" endtime="20200722 21:06:07.240"></status>
</kw>
<status status="PASS" starttime="20200722 21:06:05.479" endtime="20200722 21:06:07.241"></status>
</kw>
<kw name="Quando Submeto O Meu Email &quot;joao@gmail.com&quot;" library="kws">
<kw name="Input Text" library="SeleniumLibrary">
<doc>Types the given ``text`` into text field identified by ``locator``.</doc>
<arguments>
<arg>id:email</arg>
<arg>${EMAIL}</arg>
</arguments>
<msg timestamp="20200722 21:06:07.246" level="INFO">Typing text 'joao@gmail.com' into text field 'id:email'.</msg>
<status status="PASS" starttime="20200722 21:06:07.245" endtime="20200722 21:06:07.677"></status>
</kw>
<kw name="Click Element" library="SeleniumLibrary">
<doc>Click element identified by ``locator``.</doc>
<arguments>
<arg>css:button[type=submit]</arg>
</arguments>
<msg timestamp="20200722 21:06:07.678" level="INFO">Clicking element 'css:button[type=submit]'.</msg>
<status status="PASS" starttime="20200722 21:06:07.677" endtime="20200722 21:06:07.778"></status>
</kw>
<status status="PASS" starttime="20200722 21:06:07.242" endtime="20200722 21:06:07.779"></status>
</kw>
<kw name="Então Devo Ser Autenticado" library="kws">
<kw name="Wait Until Page Contains Element" library="SeleniumLibrary">
<doc>Waits until element ``locator`` appears on current page.</doc>
<arguments>
<arg>class:dashboard</arg>
</arguments>
<status status="PASS" starttime="20200722 21:06:07.781" endtime="20200722 21:06:08.129"></status>
</kw>
<status status="PASS" starttime="20200722 21:06:07.780" endtime="20200722 21:06:08.130"></status>
</kw>
<kw name="Close Session" library="base" type="teardown">
<kw name="Close Browser" library="SeleniumLibrary">
<doc>Closes the current browser.</doc>
<status status="PASS" starttime="20200722 21:06:08.131" endtime="20200722 21:06:10.399"></status>
</kw>
<status status="PASS" starttime="20200722 21:06:08.131" endtime="20200722 21:06:10.400"></status>
</kw>
<status status="PASS" starttime="20200722 21:06:01.927" endtime="20200722 21:06:10.401" critical="yes"></status>
</test>
<doc>Suite dos testes de cadastro</doc>
<status status="PASS" starttime="20200722 21:06:01.568" endtime="20200722 21:06:10.406"></status>
</suite>
<statistics>
<total>
<stat pass="1" fail="0">Critical Tests</stat>
<stat pass="1" fail="0">All Tests</stat>
</total>
<tag>
</tag>
<suite>
<stat pass="1" fail="0" id="s1" name="Cadastro">Cadastro</stat>
</suite>
</statistics>
<errors>
</errors>
</robot>
